 --------------------------------------------------
                  A L P H A   126.08   11.02.56 30/05/01
 
                            running on LINUX   
 
                          ALEPHLIB Version  316.10
 --------------------------------------------------
0_QUIBOS_ Init BOS with  2500000 words working space
  *** ALFMT*** BANKAL.FMT on unit  77 contains  1331 bank names
0BREADC-----  NAME........NR  +----------------------------------------------------------------------+
                            * *                                                                       
                            * **** the filicards                                                      
 -----------  READ         0  READ 'da94_mini.filicards'                                              
 -----------  READ         1  READ 'da94_mini.sruncards'                                              
                            * *                                                                       
                            * *** stop job if time left =                                             
 -----------  TIME         0  TIME 10                                                                 
                            * *                                                                       
                            * *** event class preselection                                            
 -----------  CLAS         0  CLAS 16                                                                 
                            * *                                                                       
                            * *** number of events to analyse                                         
 -----------  NEVT         0  NEVT 10000                                                              
                            * *                                                                       
                            * *** fill energy flow section                                            
 -----------  EFLW         0  EFLW                                                                    
                            * *                                                                       
                            * *** minimal debugging output                                            
 -----------  DEBU         0  DEBU  0                                                                 
                            * *                                                                       
                            * *** to not print histos in ascii output                                 
 -----------  NOPH         0  NOPH                                                                    
                            * *                                                                       
                            * *** histogram file for output                                           
 -----------  HIST         0  HIST 'qcdana_DA_94_1.hbook'                                             
                            * *                                                                       
                            * *                                                                       
                            * ***** these are additional cards (not default in ALPHA)                 
                            * ***** which are used for track and event selection                      
                            * ***** the second number shows the default                               
                            * *                                                                       
 -----------  SCUT         0  SCUT 'CECH'  15.   15.     ! min charged energy                         
 -----------  SCUT         1  SCUT 'CNCH'  5.    5.      ! min number of good charged tracks          
 -----------  SCUT         2  SCUT 'CCTS'  0.82  0.82    ! max cos(theta(sphericity axis))            
 -----------  SCUT         3  SCUT 'CNTR'  0.   15.      ! min number of good ch+neu tracks           
 -----------  SCUT         4  SCUT 'CTD0'  2.    2.      ! max D0                                     
 -----------  SCUT         5  SCUT 'CTZ0'  10.   5.      ! max Z0                                     
 -----------  SCUT         6  SCUT 'CTNT'  4.    4.      ! min number of TPC-hits/track               
 -----------  SCUT         7  SCUT 'CTCT'  0.94  0.94    ! max cos(theta(ch. track))                  
 -----------  SCUT         8  SCUT 'CTPT'  0.20  0.20    ! min pt of a track                          
 -----------  SCUT         9  SCUT 'CCCT'  0.98  0.98    ! max cos(theta(cal-object))                 
 -----------  SCUT        10  SCUT 'CCEB'  0.80   0.80   ! min energy of cal-object                   
                            * *                                                                       
                            * ********************************************************                
                            + ENDQ                                                                    
 _QMCARD_ Card file : alpha.cards                                                                     
0_QMCARD_ Warning: unknown file type; expected : CARDS     
 _QMCARD_ next card file : da94_mini.filicards                                                             
0BREADC-----  NAME........NR  +----------------------------------------------------------------------+
                            * *                                                                       
                            * * CARDS generated on Monday 28-MAY-2001 at 18:18                        
                            * *                                                                       
                            * * typedat=>Real DATA                                                    
                            * * institute=>CERN                                                       
                            * * wantwhat=>List of Real Data cartridges and creation of FILI cards     
                            * * data_type=>MINI                                                       
                            * * DataYear=>1994                                                        
                            * * runorfill=>                                                           
                            * * selby=>YEAR                                                           
                            * * RunOrCart=>                                                           
                            * * Kinlist=> 5300            HVFL5N        1954            462           
                            * * Kingal_conds=> 400    40  : q qbar at Z peak                          
                            * * McYear=>1994                                                          
                            * * kinMass=>Unknown                                                      
                            * * PhysGroups=>F_____________%                                           
                            * * energy_Lep=>     ANY                                                  
                            * * filisorted=>No                                                        
                            * * specpar=>                                                             
                            * * Runquality=>PERF or MAYB                                              
                            * * OutputType=>Normal output                                             
                            * * processings=>   Last         60      19990215 to 19990224   305    202
                            * * EdirYesno=>Yes                                                        
 -----------  FILI         0  FILI '/afs/cern.ch/aleph/shared/edirlink/y15224_4.edir   | EDIR'  ! MINI
 -----------  FILI         1  FILI '/afs/cern.ch/aleph/shared/edirlink/y15224_12.edir  | EDIR'  ! MINI
 -----------  FILI         2  FILI '/afs/cern.ch/aleph/shared/edirlink/y15224_5.edir   | EDIR'  ! MINI
 -----------  FILI         3  FILI '/afs/cern.ch/aleph/shared/edirlink/y15224_6.edir   | EDIR'  ! MINI
 -----------  FILI         4  FILI '/afs/cern.ch/aleph/shared/edirlink/y15224_7.edir   | EDIR'  ! MINI
 -----------  FILI         5  FILI '/afs/cern.ch/aleph/shared/edirlink/y15224_8.edir   | EDIR'  ! MINI
 -----------  FILI         6  FILI '/afs/cern.ch/aleph/shared/edirlink/y15224_9.edir   | EDIR'  ! MINI
 -----------  FILI         7  FILI '/afs/cern.ch/aleph/shared/edirlink/y15224_10.edir  | EDIR'  ! MINI
 -----------  FILI         8  FILI '/afs/cern.ch/aleph/shared/edirlink/y15224_11.edir  | EDIR'  ! MINI
 -----------  FILI         9  FILI '/afs/cern.ch/aleph/shared/edirlink/y15224_13.edir  | EDIR'  ! MINI
 -----------  FILI        10  FILI '/afs/cern.ch/aleph/shared/edirlink/y15224_14.edir  | EDIR'  ! MINI
 -----------  FILI        11  FILI '/afs/cern.ch/aleph/shared/edirlink/y15224_21.edir  | EDIR'  ! MINI
 -----------  FILI        12  FILI '/afs/cern.ch/aleph/shared/edirlink/y15224_63.edir  | EDIR'  ! MINI
 -----------  FILI        13  FILI '/afs/cern.ch/aleph/shared/edirlink/y15224_15.edir  | EDIR'  ! MINI
 -----------  FILI        14  FILI '/afs/cern.ch/aleph/shared/edirlink/y15224_16.edir  | EDIR'  ! MINI
 -----------  FILI        15  FILI '/afs/cern.ch/aleph/shared/edirlink/y15224_17.edir  | EDIR'  ! MINI
 -----------  FILI        16  FILI '/afs/cern.ch/aleph/shared/edirlink/y15224_24.edir  | EDIR'  ! MINI
 -----------  FILI        17  FILI '/afs/cern.ch/aleph/shared/edirlink/y15224_18.edir  | EDIR'  ! MINI
 -----------  FILI        18  FILI '/afs/cern.ch/aleph/shared/edirlink/y15224_19.edir  | EDIR'  ! MINI
 -----------  FILI        19  FILI '/afs/cern.ch/aleph/shared/edirlink/y15224_20.edir  | EDIR'  ! MINI
 -----------  FILI        20  FILI '/afs/cern.ch/aleph/shared/edirlink/y15224_22.edir  | EDIR'  ! MINI
 -----------  FILI        21  FILI '/afs/cern.ch/aleph/shared/edirlink/y15224_23.edir  | EDIR'  ! MINI
 -----------  FILI        22  FILI '/afs/cern.ch/aleph/shared/edirlink/y15224_25.edir  | EDIR'  ! MINI
 -----------  FILI        23  FILI '/afs/cern.ch/aleph/shared/edirlink/y15224_26.edir  | EDIR'  ! MINI
 -----------  FILI        24  FILI '/afs/cern.ch/aleph/shared/edirlink/y15224_30.edir  | EDIR'  ! MINI
 -----------  FILI        25  FILI '/afs/cern.ch/aleph/shared/edirlink/y15224_27.edir  | EDIR'  ! MINI
 -----------  FILI        26  FILI '/afs/cern.ch/aleph/shared/edirlink/y15224_28.edir  | EDIR'  ! MINI
 -----------  FILI        27  FILI '/afs/cern.ch/aleph/shared/edirlink/y15224_29.edir  | EDIR'  ! MINI
 -----------  FILI        28  FILI '/afs/cern.ch/aleph/shared/edirlink/y15224_31.edir  | EDIR'  ! MINI
 -----------  FILI        29  FILI '/afs/cern.ch/aleph/shared/edirlink/y15224_32.edir  | EDIR'  ! MINI
 -----------  FILI        30  FILI '/afs/cern.ch/aleph/shared/edirlink/y15224_33.edir  | EDIR'  ! MINI
 -----------  FILI        31  FILI '/afs/cern.ch/aleph/shared/edirlink/y15224_34.edir  | EDIR'  ! MINI
 -----------  FILI        32  FILI '/afs/cern.ch/aleph/shared/edirlink/y15224_35.edir  | EDIR'  ! MINI
 -----------  FILI        33  FILI '/afs/cern.ch/aleph/shared/edirlink/y15224_36.edir  | EDIR'  ! MINI
 -----------  FILI        34  FILI '/afs/cern.ch/aleph/shared/edirlink/y15224_39.edir  | EDIR'  ! MINI
 -----------  FILI        35  FILI '/afs/cern.ch/aleph/shared/edirlink/y15224_37.edir  | EDIR'  ! MINI
 -----------  FILI        36  FILI '/afs/cern.ch/aleph/shared/edirlink/y15224_38.edir  | EDIR'  ! MINI
 -----------  FILI        37  FILI '/afs/cern.ch/aleph/shared/edirlink/y15224_40.edir  | EDIR'  ! MINI
 -----------  FILI        38  FILI '/afs/cern.ch/aleph/shared/edirlink/y15224_41.edir  | EDIR'  ! MINI
 -----------  FILI        39  FILI '/afs/cern.ch/aleph/shared/edirlink/y15224_42.edir  | EDIR'  ! MINI
 -----------  FILI        40  FILI '/afs/cern.ch/aleph/shared/edirlink/y15224_43.edir  | EDIR'  ! MINI
 -----------  FILI        41  FILI '/afs/cern.ch/aleph/shared/edirlink/y15224_44.edir  | EDIR'  ! MINI
 -----------  FILI        42  FILI '/afs/cern.ch/aleph/shared/edirlink/y15224_45.edir  | EDIR'  ! MINI
 -----------  FILI        43  FILI '/afs/cern.ch/aleph/shared/edirlink/y15224_46.edir  | EDIR'  ! MINI
 -----------  FILI        44  FILI '/afs/cern.ch/aleph/shared/edirlink/y15224_47.edir  | EDIR'  ! MINI
 -----------  FILI        45  FILI '/afs/cern.ch/aleph/shared/edirlink/y15224_48.edir  | EDIR'  ! MINI
 -----------  FILI        46  FILI '/afs/cern.ch/aleph/shared/edirlink/y15224_49.edir  | EDIR'  ! MINI
 -----------  FILI        47  FILI '/afs/cern.ch/aleph/shared/edirlink/y15224_50.edir  | EDIR'  ! MINI
 -----------  FILI        48  FILI '/afs/cern.ch/aleph/shared/edirlink/y15224_51.edir  | EDIR'  ! MINI
 -----------  FILI        49  FILI '/afs/cern.ch/aleph/shared/edirlink/y15224_52.edir  | EDIR'  ! MINI
 -----------  FILI        50  FILI '/afs/cern.ch/aleph/shared/edirlink/y15224_53.edir  | EDIR'  ! MINI
 -----------  FILI        51  FILI '/afs/cern.ch/aleph/shared/edirlink/y15224_54.edir  | EDIR'  ! MINI
 -----------  FILI        52  FILI '/afs/cern.ch/aleph/shared/edirlink/y15224_55.edir  | EDIR'  ! MINI
 -----------  FILI        53  FILI '/afs/cern.ch/aleph/shared/edirlink/y15224_56.edir  | EDIR'  ! MINI
 -----------  FILI        54  FILI '/afs/cern.ch/aleph/shared/edirlink/y15224_57.edir  | EDIR'  ! MINI
 -----------  FILI        55  FILI '/afs/cern.ch/aleph/shared/edirlink/y15224_58.edir  | EDIR'  ! MINI
 -----------  FILI        56  FILI '/afs/cern.ch/aleph/shared/edirlink/y15224_59.edir  | EDIR'  ! MINI
 -----------  FILI        57  FILI '/afs/cern.ch/aleph/shared/edirlink/y15224_61.edir  | EDIR'  ! MINI
 -----------  FILI        58  FILI '/afs/cern.ch/aleph/shared/edirlink/y15224_60.edir  | EDIR'  ! MINI
 -----------  FILI        59  FILI '/afs/cern.ch/aleph/shared/edirlink/y15224_62.edir  | EDIR'  ! MINI
                              (EOF)
0_QMCARD_ Warning: unknown file type; expected : CARDS     
 _QMCARD_ next card file : da94_mini.sruncards                                                             
0BREADC-----  NAME........NR  +----------------------------------------------------------------------+
                            * *                                                                       
                            * * CARDS generated on Monday 28-MAY-2001 at 18:18                        
                            * *                                                                       
                            * * typedat=>Real DATA                                                    
                            * * institute=>CERN                                                       
                            * * wantwhat=>List of Real Data cartridges and creation of FILI cards     
                            * * data_type=>MINI                                                       
                            * * DataYear=>1994                                                        
                            * * runorfill=>                                                           
                            * * selby=>YEAR                                                           
                            * * RunOrCart=>                                                           
                            * * Kinlist=> 5300            HVFL5N        1954            462           
                            * * Kingal_conds=> 400    40  : q qbar at Z peak                          
                            * * McYear=>1994                                                          
                            * * kinMass=>Unknown                                                      
                            * * PhysGroups=>F_____________%                                           
                            * * energy_Lep=>     ANY                                                  
                            * * filisorted=>No                                                        
                            * * specpar=>                                                             
                            * * Runquality=>PERF or MAYB                                              
                            * * OutputType=>Normal output                                             
                            * * processings=>   Last         60      19990215 to 19990224   305    202
                            * * EdirYesno=>Yes                                                        
 -----------  SRUN         0  SRUN  25911 25914 25915 25916 25917 25918 25919 25920 25921 25922 25923 
                                   25924 25925 25926 25927 25931 25932 25933 25934 25937 25938 25939  
                                   25940 25941 25942 25943 25944 25945 25946 25947 25948 25949 25950  
                                   25951 25952 25953 25960 25961 25962 25963 25964 25965 25966 25967  
                                   25968 25969 25970 25971 25972 25973 25974 25975 25976 25977 25978  
                                   25979 25982 25983 25984 25985 25986 25987 25988 25989 25990 25991  
                                   25992 25993 25994 25995 25996 25997 25998 25999 26000 26001 26002  
                                   26003 26004 26005 26006 26010 26011 26012 26013 26014 26015 26037  
                                   26038 26040 26041 26042 26046 26047 26048 26049 26059 26060 26061  
                                   26062 26063 26064 26074 26075 26076 26077 26078 26079 26082 26083  
                                   26084 26085 26086 26087 26088 26089 26090 26092 26093 26094 26095  
                                   26096 26097 26099 26100 26101 26102 26103 26104 26132 26133 26134  
                                   26135 26136 26137 26138 26141 26142 26143 26144 26145 26146 26147  
                                   26148 26149 26152 26153 26154 26155 26156 26157 26158 26159 26160  
                                   26161 26162 26163 26164 26165 26166 26167 26168 26169 26172 26173  
                                   26174 26175 26176 26177 26178 26179 26180 26181 26182 26183 26184  
                                   26185 26186 26187 26330 26331 26333 26335 26336 26337 26338 26339  
                                   26353 26364 26365 26367 26368 26369 26370 26371 26372 26373 26377  
                                   26378 26379 26382 26383 26384 26385 26388 26389 26390 26391 26392  
                                   26393 26394 26397 26398 26399 26400 26401 26402 26409 26410 26411  
                                   26412 26413 26414 26415 26416 26417 26418 26419 26420 26421 26422  
                                   26423 26424 26432 26433 26434 26435 26436 26437 26438 26439 26440  
                                   26441 26442 26443 26444 26445 26446 26447 26448 26449 26473 26474  
                                   26475 26476 26477 26478 26479 26480 26481 26482 26483 26484 26485  
                                   26486 26487 26488 26489 26490 26491 26492 26493 26494 26497 26498  
                                   26499 26500 26501 26502 26503 26504 26505 26506 26507 26508 26509  
                                   26510 26511 26512 26513 26514 26515 26516 26517 26519 26520 26521  
                                   26522 26523 26524 26525 26526 26527 26528 26529 26530 26531 26532  
                                   26533 26534 26535 26536 26537 26548 26549 26550 26551 26552 26574  
                                   26575 26576 26670 26671 26672 26673 26674 26675 26676 26677 26678  
                                   26680 26681 26682 26683 26684 26685 26686 26687 26688 26689 26690  
                                   26691 26692 26693 26694 26695 26696 26697 26698 26701 26702 26703  
                                   26704 26705 26706 26707 26708 26709 26710 26711 26712 26713 26714  
                                   26716 26717 26718 26720 26725 26726 26727 26728 26729 26731 26732  
                                   26733 26735 26736 26737 26745 26746 26747 26749 26750 26754 26755  
                                   26756 26758 26759 26760 26761 26762 26763 26764 26765 26766 26767  
                                   26768 26769 26770 26771 26779 26780 26781 26782 26783 26784 26785  
                                   26786 26787 26788 26789 26790 26791 26792 26793 26794 26795 26796  
                                   26797 26798 26799 26800 26801 26808 26809 26810 26811 26812 26813  
                                   26814 26815 26816 26817 26818 26819 26820 26821 26822 26823 26824  
                                   26825 26826 26827 26828 26829 26830 26831 26832 26835 26836 26845  
                                   26846 26847 26848 26849 26850 26851 26852 26853 26854 26855 26856  
                                   26857 26858 26859 26860 26861 26862 26863 26864 26865 26866 26867  
                                   26868 26869 26870 26871 26872 26873 26874 26876 26877 26878 26879  
                                   26880 26881 26882 26883 26884 26885 26887 26888 26889 26890 26891  
                                   26892 26893 26894 26895 26896 26897 26898 26899 26900 26901 26902  
                                   26903 26904 26905 26906 26907 26908 26909 26910 27057 27058 27059  
                                   27060 27061 27062 27063 27064 27065 27066 27067 27068 27069 27070  
                                   27071 27072 27073 27074 27075 27076 27077 27079 27080 27081 27082  
                                   27083 27084 27085 27086 27087 27088 27089 27090 27091 27092 27093  
                                   27094 27095 27096 27097 27098 27101 27102 27103 27104 27105 27106  
                                   27107 27108 27109 27110 27114 27115 27116 27117 27118 27119 27120  
                                   27121 27122 27123 27124 27125 27126 27127 27128 27129 27130 27131  
                                   27132 27133 27134 27136 27137 27138 27139 27140 27141 27142 27143  
                                   27144 27145 27146 27147 27148 27149 27150 27151 27152 27153 27166  
                                   27168 27169 27170 27171 27172 27173 27174 27175 27176 27177 27178  
                                   27179 27180 27181 27182 27183 27184 27185 27186 27193 27194 27195  
                                   27196 27197 27198 27199 27200 27201 27202 27203 27204 27205 27206  
                                   27207 27208 27209 27210 27211 27212 27213 27215 27231 27232 27235  
                                   27236 27237 27238 27239 27240 27241 27242 27243 27244 27247 27248  
                                   27249 27250 27251 27252 27253 27254 27259 27260 27261 27263 27265  
                                   27275 27276 27277 27278 27279 27280 27281 27282 27283 27284 27285  
                                   27286 27287 27288 27289 27290 27291 27292 27293 27316 27317 27319  
                                   27320 27321 27322 27323 27324 27326 27327 27328 27329 27330 27331  
                                   27332 27333 27334 27335 27336 27337 27338 27339 27340 27341 27342  
                                   27343 27344 27345 27346 27348 27349 27350 27351 27352 27353 27354  
                                   27355 27356 27357 27358 27359 27360 27361 27362 27363 27364 27365  
                                   27366 27367 27368 27370 27371 27372 27373 27374 27375 27376 27377  
                                   27378 27379 27380 27381 27382 27383 27384 27385 27407 27408 27409  
                                   27411 27412 27413 27414 27415 27416 27417 27418 27419 27420 27421  
                                   27422 27423 27424 27425 27426 27427 27428 27429 27435 27436 27437  
                                   27438 27439 27440 27441 27442 27443 27444 27445 27446 27447 27448  
                                   27449 27450 27451 27452 27453 27454 27455 27456 27457 27458 27461  
                                   27463 27464 27465 27466 27467 27468 27470 27471 27472 27473 27475  
                                   27476 27477 27478 27479 27480 27481 27482 27483 27484 27485 27495  
                                   27496 27497 27498 27499 27500 27501 27502 27503 27504 27505 27506  
                                   27507 27508 27509 27510 27511 27512 27513 27514 27517 27518 27519  
                                   27520 27521 27522 27523 27524 27525 27526 27527 27528 27529 27530  
                                   27531 27532 27533 27534 27535 27536 27538 27541 27542 27543 27544  
                                   27545 27546 27547 27548 27549 27550 27551 27552 27553 27554 27555  
                                   27556 27557 27558 27559 27560 27561 27562 27563 27564 27565 27567  
                                   27568 27569 27570 27571 27572 27573 27574 27575 27576 27577 27578  
                                   27582 27583 27584 27585 27586 27587 27588 27589 27590 27591 27592  
                                   27593 27594 27595 27596 27597 27598 27599 27607 27609 27610 27611  
                                   27612 27613 27614 27615 27616 27617 27618 27619 27620 27621 27626  
                                   27627 27629 27630 27631 27632 27633 27634 27635 27636 27637 27638  
                                   27639 27750 27751 27752 27753 27754 27755 27756 27757 27758 27759  
                                   27760 27761 27762 27763 27764 27765 27766 27767 27769 27770 27771  
                                   27772 27773 27774 27776 27778 27782 27783 27784 27785 27786 27787  
                                   27788 27789 27797 27798 27799 27800 27801 27802 27803 27804 27805  
                                   27806 27807 27808 27809 27810 27811 27812 27813 27814 27815 27816  
                                   27817 27818 27819 27820 27821 27822 27823 27824 27835 27836 27837  
                                   27838 27839 27840 27841 27842 27843 27844 27845 27846 27847 27848  
                                   27849 27850 27851 27852 27862 27867 27871 27872 27873 27874 27875  
                                   27876 27877 27878 27879 27880 27881 27882 27883 27884 27885 27886  
                                   27887 27888 27889 27890 27895 27896 27897 27898 27899 27903 27904  
                                   27905 27906 27907 27910 27911 27912 27913 27914 27915 27916 27917  
                                   27918 27919 27920 27921 27922 27926 27927 27928 27929 27930 27931  
                                   27932 27933 27934 27935 27936 27937 27938 27939 27940 27941 27942  
                                   27943 27948 27949 27959 27960 27961 27962 27963 27964 27965 27968  
                                   27969 27970 27972 27973 27974 27975 27976 27977 27978 27979 27980  
                                   27981 27982 27984 27985 27986 27993 27994 27997 27998 27999 28000  
                                   28001 28002 28003 28004 28005 28006 28007 28010 28011 28012 28016  
                                   28017 28018 28019 28020 28021 28022 28023 28024 28025 28026 28027  
                                   28028 28029 28030 28031 28032 28033 28034 28035 28036 28037 28049  
                                   28050 28051 28052 28053 28054 28055 28056 28057 28058 28059 28060  
                                   28061 28063 28064 28065 28067 28068 28069 28070 28071 28073 28074  
                                   28075 28076 28077 28078 28088 28089 28090 28091 28092 28093 28094  
                                   28095 28097 28098 28099 28100 28101 28102 28103 28104 28105 28106  
                                   28107 28108 28109 28110 28111 28125 28126 28127 28130 28131 28132  
                                   28133 28134 28135 28136 28137 28138 28139 28140 28141 28142 28143  
                                   28144 28145 28146 28147 28148 28149 28150 28151 28152 28155 28156  
                                   28157 28158 28159 28160 28161 28162 28163 28164 28165 28166 28167  
                                   28168 28169 28170 28171 28172 28173 28174 28175 28176 28179 28180  
                                   28181 28182 28183 28184 28185 28186 28187 28188 28189 28190 28191  
                                   28192 28193 28194 28195 28196 28197 28198 28200 28201 28202 28203  
                                   28204 28205 28206 28207 28208 28209 28210 28211 28212 28213 28214  
                                   28215 28216 28218 28219 28220 28221 28222 28223 28224 28225 28226  
                                   28227 28228 28229 28230 28231 28232 28233 28234 28235 28236 28237  
                                   28238 28239 28389 28390 28391 28393 28394 28395 28396 28397 28399  
                                   28400 28401 28402 28403 28404 28405 28406 28407 28408 28409 28410  
                                   28414 28415 28416 28417 28418 28419 28420 28421 28422 28423 28424  
                                   28425 28426 28427 28428 28429 28430 28431 28436 28438 28439 28440  
                                   28441 28442 28443 28444 28445 28446 28447 28448 28449 28450 28451  
                                   28452 28455 28458 28459 28460 28461 28462 28463 28464 28465 28466  
                                   28467 28468 28469 28470 28471 28472 28473 28474 28475 28476 28477  
                                   28478 28481 28483 28484 28485 28486 28487 28488 28489 28490 28491  
                                   28492 28493 28494 28495 28496 28499 28500 28501 28502 28503 28504  
                                   28505 28506 28507 28508 28509 28510 28511 28512 28513 28514 28515  
                                   28530 28531 28532 28533 28534 28535 28536 28537 28538 28539 28540  
                                   28541 28542 28543 28544 28545 28548 28553 28554 28555 28556 28568  
                                   28569 28570 28571 28572 28573 28574 28575 28576 28577 28578 28579  
                                   28580 28581 28582 28583 28584 28597 28598 28599 28600 28601 28602  
                                   28603 28604 28605 28606 28607 28608 28609 28610 28611 28612 28613  
                                   28614 28615 28619 28620 28621 28622 28629 28630 28631 28632 28633  
                                   28634 28635 28636 28637 28638 28639 28640 28641 28642 28643 28644  
                                   28645 28646 28647 28648 28651 28652 28653 28654 28655 28656 28657  
                                   28658 28659 28660 28661 28662 28663 28664 28665 28666 28667 28668  
                                   28669 28670 28671 28675 28676 28677 28678 28679 28680 28681 28682  
                                   28683 28684 28685 28686 28687 28688 28689 28690 28691 28692 28694  
                                   28695 28696 28697 28698 28699 28700 28701 28702 28703 28704 28705  
                                   28706 28707 28708 28709 28710 28711 28712 28713 28714 28715 28716  
                                   28717 28719 28720 28721 28722 28723 28724 28725 28726 28727 28728  
                                   28729 28730 28731 28732 28733 28734 28735 28736 28737 28738 28739  
                                   28834 28835 28836 28841 28845 28846 28847 28848 28849 28850 28851  
                                   28852 28853 28854 28855 28856 28858 28859 28860 28861 28862 28863  
                                   28864 28865 28866 28867 28868 28869 28870 28871 28872 28875 28876  
                                   28877 28878 28879 28880 28881 28882 28883 28884 28885 28886 28887  
                                   28888 28889 28890 28891 28892 28893 28894 28904 28905 28906 28907  
                                   28908 28909 28910 28911 28912 28913 28914 28915 28916 28917 28918  
                                   28919 28920 28921 28923 28924 28925 28926 28927 28928 28929 28930  
                                   28931 28932 28933 28936 28937 28939 28940 28941 28942 28943 28944  
                                   28945 28946 28947 28949 28951 28952 28953 28954 28955 28956 28957  
                                   28958 28959 28960 28961 28962 28963 28964 28965 28966 28967 28968  
                                   28971 28972 28973 28974 28975 28976 28977 28978 28979 28980 28981  
                                   28982 28983 28984 28985 28986 28987 28988 28990 28991 28992 28993  
                                   28994 28995 28996 28997 28998 28999 29000 29001 29002 29003 29004  
                                   29005 29006 29007 29008 29017 29019 29021 29022 29023 29024 29025  
                                   29026 29027 29028 29029 29030 29031 29032 29033 29034 29035 29037  
                                   29038 29039 29040 29041 29042 29043 29044 29045 29046 29047 29048  
                                   29049 29050 29051 29052 29053 29054 29055 29056 29060 29061 29062  
                                   29063 29064 29065 29066 29067 29068 29069 29070 29071 29072 29073  
                                   29074 29075 29076 29077 29078 29113 29114 29115 29116 29117 29118  
                                   29124 29130 29131 29132 29133 29134 29135 29136 29137 29138 29139  
                                   29142 29143 29144 29145 29146 29147 29148 29149 29150 29151 29152  
                                   29153 29154 29155 29156 29157 29158 29159 29162 29163 29164 29165  
                                   29166 29167 29168 29169 29170 29171 29172 29173 29174 29175 29176  
                                   29177 29178 29180 29181 29182 29183 29185 29186 29187 29188 29189  
                                   29190 29191 29192 29193 29194 29195 29196 29197 29198 29199 29200  
                                   29201 29202 29204 29205 29206 29207 29208 29209 29210 29211 29212  
                                   29213 29214 29215 29216 29217 29218 29219 29220 29221 29222 29223  
                                   29224 29225 29226 29227 29228 29229 29230 29232 29233 29239 29240  
                                   29241 29242 29243 29248 29249 29250 29251 29252 29253 29254 29255  
                                   29256 29257 29258 29259 29260 29261 29263 29264 29265 29266 29267  
                                   29268 29269 29274 29275 29276 29277 29278 29279 29280 29281 29282  
                                   29293 29295 29296 29297 29298 29299 29300 29301 29302 29303 29304  
                                   29305 29306 29307 29308 29309 29310 29311 29312 29313 29314 29321  
                                   29322 29323 29324 29325 29326 29327 29328 29329 29330 29331 29332  
                                   29333 29334 29335 29336 29337 29345 29346 29347 29348 29349 29350  
                                   29351 29352 29353 29354 29355 29356 29357 29358 29360 29361 29363  
                                   29364 29365 29366 29367 29373 29374 29376 29378 29379 29380 29381  
                                   29382 29383 29384 29385 29386 29387 29388 29389 29390 29391 29392  
                                   29393 29394 29395 29396 29397 29399 29400 29401 29402 29403 29404  
                                   29405 29406 29407 29408 29409 29410 29411 29412 29413 29414 29423  
                                   29424 29425 29426 29427 29428 29429 29430 29431 29432 29433 29434  
                                   29435 29436 29437 29438 29439 29440 29443 29445 29446 29447 29448  
                                   29463 29464 29465 29466 29467 29468 29469 29470 29471 29472 29473  
                                   29474 29475 29476 29477 29478 29479 29480 29481 29482 29483 29487  
                                   29489 29492 29493 29494 29495 29496 29497 29499 29500 29501 29502  
                                   29503 29504 29505 29506 29507 29508 29509 29517 29518 29519 29520  
                                   29521 29522 29523 29524 29525 29526 29527 29528 29529 29530 29538  
                                   29539 29540 29541 29542 29543 29544 29545 29546 29547 29548 29549  
                                   29550 29551 29552 29554 29555 29556 29557 29558 29559 29560 29561  
                                   29562 29563 29564 29565 29566 29567 29568 29569 29573 29574 29575  
                                   29576 29577 29578 29579 29580 29581 29582 29583 29584 29585 29586  
                                   29587 29588 29589 29590 29591 29592 29593 29594 29595 29596 29599  
                                   29600 29601 29602 29603 29604 29605 29606 29607 29608 29609 29610  
                                   29611 29612 29613 29614 29615 29616 29617 29618 29621 29622 29623  
                                   29625 29626 29627 29628 29629 29630 29631 29632 29633 29634 29635  
                                   29636 29637 29638 29639 29640 29641 29642 29643 29644 29645 29647  
                                   29648 29649 29650 29651 29652 29653 29654 29655 29656 29657 29658  
                                   29659 29660 29661 29662 29663 29664 29665 29666 29667 29668 29669  
                                   29671 29679 29680 29681 29682 29683 29684 29685 29686 29687 29688  
                                   29689 29690 29691 29692 29693 29694 29696 29697 29698 29699 29700  
                                   29701 29702 29703 29704 29705 29706 29707 29708 29709 29710 29711  
                                   29712 29713 29714 29715 29717 29718 29719 29720 29721 29722 29723  
                                   29724 29725 29728 29729 29730 29731 29732 29733 29734 29735 29736  
                                   29737 29738 29739 29740 29741 29742 29743 29744 29745 29746 29747  
                                   29750 29751 29752 29753 29754 29755 29756 29757 29758 29759 29760  
                                   29761 29762 29763 29764 29765 29766 29767 29768 29769 29770 29771  
                                   29977 30071 30072 30073 30074 30075 30076 30079 30080 30086 30087  
                                   30090 30091 30092 30093 30094 30095 30096 30097 30098 30099 30100  
                                   30103 30104 30105 30106 30107 30111 30115 30116 30117 30118 30119  
                                   30120 30121 30122 30123 30127 30128 30129 30130 30131 30134 30135  
                                   30136 30137 30138 30139 30140 30141 30142 30143 30144 30156 30159  
                                   30160 30161 30162 30163 30164 30165 30166 30167 30168 30173 30174  
                                   30175 30176 30177 30178 30179 30180 30181 30182 30183 30184 30186  
                                   30187 30188 30189 30190 30191 30192 30193 30194 30195 30196 30198  
                                   30199 30200 30201 30202 30203 30204 30205 30206 30207 30208 30209  
                                   30212 30213 30214 30215 30216 30217 30218 30219 30220 30221 30228  
                                   30229 30230 30231 30234 30235 30236 30263 30264 30265 30266 30267  
                                   30268 30269 30270 30279 30280 30281 30282 30283 30284 30285 30286  
                                   30292 30293 30294 30295 30296 30297 30298 30303 30304 30305 30306  
                                   30307 30308 30309 30312 30313 30317 30318 30319 30320 30321 30322  
                                   30323 30324 30325 30329 30330 30331 30336 30338 30339 30340 30341  
                                   30342 30343 30344 30346 30347 30348 30349 30350 30351 30352 30353  
                            * ***** Total Luminosity for above runs 50331.9691 nb**-1   ****          
                            * *                                                                       
                            * * !!! Please DO NOT REMOVE the following card !!!                       
 -----------  NSEQ         0  NSEQ                                                                    
                              (EOF)
 _QMDBAS_ Read temporary database: DBASBANK                                                                        
0-----------  OPENDA  LUN= 4      IRECL=1024     DSN=          PASSWD=....
              ONLY READ POSSIBLE
 _QMINIT_ Data base version ADBS    311  20010425, ADBL    124 900405
 _QMIHIS_ Histogram file : qcdana_da_94_1.hbook                                                            
0_QMIHIS_ Warning: unknown file type; expected : EXCH      
 _QMIHIS_ Open successful: RECL=  1024  NREC= 16000
 YTIJOB (initialization YTOPOL) : YTGP  bank not found :use default values for YTOP parameters
 YTIJOB (initialization YTOPOL) : YTPP  bank not found :use default values for YTOP parameters
 YTIJOB (initialization YTOPOL) : YTCP  bank not found :use default values for YTOP parameters
 YTIJOB (initialization YTOPOL) : YTVP  bank not found :use default values for YTOP parameters
 General parameters for YTOPOL
 DHXLIM =   2.000 max.dist. betw trks for start vtx.
 PMINSE =   0.500 min.charged trk. mom. for YTOP
 PIDACP =   0.010 min.prob. for setting part.id. flag
 Parameters for primary vertex reconstruction
 MNTHPV =        4 min. TPC hits on track
 MXTSPV =       15 max. # of tracks in first step
 PMINRQ =    0.500 min. momentum in first step
 PMINRA =    0.000 min. mom. in second step
 _QCD_INIT_ ---------------------------------------------------------------------

 Selection cuts to be used
 =========================
 criteria for event selection... 
 Minimum #charged tracks     :    5.0000
 Minimum charged energy/GeV  :   15.0000
 Maximum abs(cos(th_spher.)) :    0.8200
 Minimum #ch+neu  tracks     :    0.0000
 criteria for charged tracks... 
 Maximum d0                  :    2.0000
 Maximum z0                  :   10.0000
 Minimum #tpc hits           :    4.0000
 Maximum abs(cos(th))        :    0.9400
 Minimum pt                  :    0.2000
 Maxmium Chi2/Ndf            : 1000.0000
 criteria for calorimeter objects... 
 Maximum abs(cos(th))        :    0.9800
 Minimum energy in ECAL/HCAL :    0.8000

 Identifiers 1 to 55  reserved for standard track+event selection histograms

 _QCD_INIT_ ---------------------------------------------------------------------
 _QMINIT_------- Initialization done --------
 

 TRDDAF - 1997-style calibration banks read

 TPDVEL:  Applying drift velocity correction from TNFV to TDFV
          Ecal Geometry package version    211 running

 **GETBP** Read 1991/1994 Old LEP1 Beam Position database 

 **GETBP** Using luminous region parameters for run period   1994

 Vrddaf>  VDET Geometry Package initialized for setup   6
 _QMREAD_ First selected event on input file 
 KNEVT :      1, KRUN :  25911, KEVT :     54


                                        **** Reading Mini-DST version  202 ****

   +++ YV1INI +++ CUTS FOR V0 RECONSTRUCTION:  NR =  3
      IV      O1      O2      CT      PS      RV      ZV      DI      C2      CS      C0      MA
       1    0.00    0.00    2.00    0.00  180.00  180.00   0.060    13.0   0.920    0.009999.000
      PM      NT      CB      NC      MD      DZ      ZZ      KW      LW      GW
   0.000       5       0      33    0.00  999.00  999.00   0.500   0.500   0.500



 Event dump: run, event:      25911        64


 Reconstructed charged tracks

 track:     51  d0,z0:     0.0846   -0.9113  px,py,pz,e,q:     0.1811   -0.2138    0.1014    0.3291     1
 track:     52  d0,z0:    -0.1371   -0.8024  px,py,pz,e,q:     0.1611    0.0054    0.1201    0.2447    -1
 track:     53  d0,z0:    -0.0042   -0.9199  px,py,pz,e,q:    -1.3390    0.2431   -0.3838    1.4209    -1
 track:     54  d0,z0:     0.0129   -0.9335  px,py,pz,e,q:     1.2568   -1.6034    2.4208    3.1671     1
 track:     55  d0,z0:    -0.0065   -0.8878  px,py,pz,e,q:    -1.5845    0.8417   -2.0029    2.6926    -1
 track:     56  d0,z0:    -0.0010   -0.9180  px,py,pz,e,q:     8.1438    0.3545    3.9105    9.0420    -1
 track:     57  d0,z0:     0.0090   -0.9343  px,py,pz,e,q:     2.4266   -1.7957    3.3923    4.5431    -1
 track:     58  d0,z0:    -0.1362   -0.4508  px,py,pz,e,q:    -1.5717    0.3998   -0.3772    1.6708     1
 track:     59  d0,z0:     0.0089   -0.9332  px,py,pz,e,q:     0.9063   -1.0965    1.0898    1.7974    -1
 track:     60  d0,z0:    -0.0180   -0.9718  px,py,pz,e,q:     0.1531   -0.5378    0.5279    0.7816    -1
 track:     61  d0,z0:   -35.0785   22.1983  px,py,pz,e,q:     0.8097   -0.5228    0.3605    1.0384     1
 track:     62  d0,z0:     0.7803   -2.3360  px,py,pz,e,q:    -0.7449    0.3679   -0.8548    1.2001     1
 track:     63  d0,z0:  -137.0992  208.7149  px,py,pz,e,q:    -0.1980   -0.1644   -0.1271    0.3191    -1
 track:     64  d0,z0:    -0.0259   -0.9098  px,py,pz,e,q:    -1.4766    0.8626   -1.6682    2.3931     1
 track:     65  d0,z0:    31.4365  -31.3788  px,py,pz,e,q:    -0.4143    0.0019    0.3677    0.5713    -1
 track:     66  d0,z0:     0.0315   -0.9280  px,py,pz,e,q:     0.2956   -0.0244    0.2502    0.4123    -1
 track:     67  d0,z0:    -0.0842   -0.5710  px,py,pz,e,q:     0.5470   -1.2605    2.6240    2.9653     1
 track:     68  d0,z0:     0.0038   -0.9315  px,py,pz,e,q:     1.4267    0.0120    0.6233    1.5632    -1
 track:     69  d0,z0:     0.0163   -0.9365  px,py,pz,e,q:     0.8186   -0.8618    1.0590    1.5981     1
 track:     70  d0,z0:     0.0424   -0.9453  px,py,pz,e,q:     0.7335   -1.4620    1.1263    1.9909    -1
 track:     71  d0,z0:    -0.0001   -0.9319  px,py,pz,e,q:     1.5590   -0.3514    1.6317    2.2882     1
 track:     72  d0,z0:    -0.0025   -0.9278  px,py,pz,e,q:     2.2724   -0.2332    1.0010    2.4979     1
 track:     73  d0,z0:    -0.0019   -0.9157  px,py,pz,e,q:    -1.0506   -0.0049   -0.8430    1.3542    -1
 track:     74  d0,z0:    -0.0430   -0.8776  px,py,pz,e,q:    -0.3591    0.6142   -0.6812    0.9948     1
 track:     75  d0,z0:     0.0193   -0.9095  px,py,pz,e,q:     1.6113   -3.3751    4.0870    5.5417     1
 track:     76  d0,z0:    -0.1222   -1.5551  px,py,pz,e,q:     0.8086   -0.1773    0.4997    0.9770     1
 track:     77  d0,z0:     2.7507   -4.6093  px,py,pz,e,q:    -0.2098    0.0301   -0.0036    0.2538    -1


 Reconstructed energy flow objects

 track:    135  d0,z0:     0.0846   -0.9113  px,py,pz,e,type,lock:     0.1810   -0.2140    0.1020    0.3295     0   F
 track:    136  d0,z0:    -0.1371   -0.8024  px,py,pz,e,type,lock:     0.1610    0.0050    0.1200    0.2448     0   T
 track:    137  d0,z0:    -0.0042   -0.9199  px,py,pz,e,type,lock:    -1.3390    0.2430   -0.3840    1.4209     0   F
 track:    138  d0,z0:     0.0129   -0.9335  px,py,pz,e,type,lock:     1.2570   -1.6040    2.4210    3.1676     0   F
 track:    139  d0,z0:    -0.0065   -0.8878  px,py,pz,e,type,lock:    -1.5850    0.8420   -2.0030    2.6931     0   F
 track:    140  d0,z0:    -0.0010   -0.9180  px,py,pz,e,type,lock:     8.1440    0.3540    3.9110    9.0424     0   F
 track:    141  d0,z0:     0.0090   -0.9343  px,py,pz,e,type,lock:     2.4260   -1.7960    3.3920    4.5427     0   F
 track:    142  d0,z0:    -0.1362   -0.4508  px,py,pz,e,type,lock:    -1.5720    0.4000   -0.3770    1.6712     0   F
 track:    143  d0,z0:     0.0089   -0.9332  px,py,pz,e,type,lock:     0.9060   -1.0960    1.0900    1.7972     0   F
 track:    144  d0,z0:    -0.0180   -0.9718  px,py,pz,e,type,lock:     0.1530   -0.5380    0.5280    0.7818     0   F
 track:    145  d0,z0:     0.7803   -2.3360  px,py,pz,e,type,lock:    -0.7450    0.3680   -0.8550    1.2004     0   F
 track:    146  d0,z0:    -0.0259   -0.9098  px,py,pz,e,type,lock:    -1.4770    0.8630   -1.6680    2.3933     0   F
 track:    147  d0,z0:     0.0315   -0.9280  px,py,pz,e,type,lock:     0.2960   -0.0240    0.2500    0.4127     0   F
 track:    148  d0,z0:    -0.0842   -0.5710  px,py,pz,e,type,lock:     0.5470   -1.2600    2.6240    2.9651     0   F
 track:    149  d0,z0:     0.0038   -0.9315  px,py,pz,e,type,lock:     1.4270    0.0120    0.6230    1.5634     0   F
 track:    150  d0,z0:     0.0163   -0.9365  px,py,pz,e,type,lock:     0.8190   -0.8620    1.0590    1.5984     0   F
 track:    151  d0,z0:     0.0424   -0.9453  px,py,pz,e,type,lock:     0.7330   -1.4620    1.1260    1.9905     0   F
 track:    152  d0,z0:    -0.0001   -0.9319  px,py,pz,e,type,lock:     1.5590   -0.3510    1.6320    2.2884     0   F
 track:    153  d0,z0:    -0.0025   -0.9278  px,py,pz,e,type,lock:     2.2720   -0.2330    1.0010    2.4976     0   F
 track:    154  d0,z0:    -0.0019   -0.9157  px,py,pz,e,type,lock:    -1.0510   -0.0050   -0.8430    1.3546     0   F
 track:    155  d0,z0:    -0.0430   -0.8776  px,py,pz,e,type,lock:    -0.3590    0.6140   -0.6810    0.9946     0   F
 track:    156  d0,z0:     0.0193   -0.9095  px,py,pz,e,type,lock:     1.6110   -3.3750    4.0870    5.5416     0   F
 track:    157  d0,z0:    -0.1222   -1.5551  px,py,pz,e,type,lock:     0.8090   -0.1770    0.5000    0.9775     0   F
 track:    158  d0,z0:     0.0000    0.0000  px,py,pz,e,type,lock:     0.3230   -0.1610    0.3670    0.5147     4   T
 track:    159  d0,z0:     0.0000    0.0000  px,py,pz,e,type,lock:    -0.3690    0.6530   -0.8290    1.1179     4   F
 track:    160  d0,z0:     0.0000    0.0000  px,py,pz,e,type,lock:     0.1830    0.1340    0.3090    0.3833     4   T
 track:    161  d0,z0:     0.0000    0.0000  px,py,pz,e,type,lock:     0.4160    0.0410    0.3280    0.5313     4   T
 track:    162  d0,z0:     0.0000    0.0000  px,py,pz,e,type,lock:     0.9730    0.2160   -0.0970    1.0014     4   F
 track:    163  d0,z0:     0.0000    0.0000  px,py,pz,e,type,lock:    -0.4810    0.3700   -0.6830    0.9136     4   F
 track:    164  d0,z0:     0.0000    0.0000  px,py,pz,e,type,lock:     0.7180   -0.1260    0.6890    1.0031     4   F
 track:    165  d0,z0:     0.0000    0.0000  px,py,pz,e,type,lock:     1.4730   -0.1210    1.1210    1.8551     4   F
 track:    166  d0,z0:     0.0000    0.0000  px,py,pz,e,type,lock:     0.9250   -0.5720    1.1830    1.6087     5   F
 track:    167  d0,z0:     0.0000    0.0000  px,py,pz,e,type,lock:     0.1250   -0.3470    0.5580    0.6689     5   T
 track:    168  d0,z0:     0.0000    0.0000  px,py,pz,e,type,lock:     0.1020   -0.2220    0.3010    0.3877     5   T
 track:    169  d0,z0:     0.0000    0.0000  px,py,pz,e,type,lock:     0.4700    0.0580    0.1750    0.5049     5   T
 track:    170  d0,z0:     0.0000    0.0000  px,py,pz,e,type,lock:     0.5660    0.2560   -0.2240    0.6604     5   T
 track:    171  d0,z0:     0.0000    0.0000  px,py,pz,e,type,lock:     0.2910    0.3460    0.1650    0.4813     5   T
 track:    172  d0,z0:     0.0000    0.0000  px,py,pz,e,type,lock:     0.8600    0.4750    0.0020    0.9825     5   F
 track:    173  d0,z0:     0.0000    0.0000  px,py,pz,e,type,lock:    -0.4300    0.3290   -0.5710    0.7870     5   T
 track:    174  d0,z0:     0.0000    0.0000  px,py,pz,e,type,lock:    -0.1870    0.0760   -0.3060    0.3666     5   T
 track:    175  d0,z0:     0.0000    0.0000  px,py,pz,e,type,lock:     2.3090    0.5380    0.9440    2.5519     5   F
 track:    176  d0,z0:     0.0000    0.0000  px,py,pz,e,type,lock:    -5.8610    2.0960   -4.3600    7.5997     5   F
 track:    177  d0,z0:     0.0000    0.0000  px,py,pz,e,type,lock:    -3.5160    3.8360   -5.4190    7.5128     5   F
 track:    178  d0,z0:     0.0000    0.0000  px,py,pz,e,type,lock:    -1.5690    1.1140   -2.1710    2.9010     5   F
 track:    179  d0,z0:     0.0000    0.0000  px,py,pz,e,type,lock:    -0.3400    0.1620   -0.5510    0.6674     5   T
 -------------------------------------------------------------------------------

 _QFECAL_ ECAL energy weight factors and errors
 CEEW    1.000       1.000       1.000      0.1700    
 _QFHCAL_ HCAL energy weight factor and error
 CHEW    1.000      0.8000    
0_QMREAD_ NEVT card : all events processed                  
 KNEVT :  10000, KRUN :  25944, KEVT :   1096
 _QMREAD_ End-of-job 
 _QMTERM_ --- program termination ----------
 _QMTERM_ Last event :
 KNEVT :  10000, KRUN :  25944, KEVT :   1096
 _QMTERM_ Call QUTERM

 *****************************************************
  ====================> final calculations ....


 Nhad used in normalization =     7820

  Out of     10000. events      7820. passed the cuts.

  Out of      7820. events      7820. had good event shape calculations.

  Out of      7820. events       520. had good 4-jet calculations.

  Out of      7820. events      7820. had good event shape + jet calculations.

  Out of      7820. events      7820. had good inclusive chg tracks calculations.

   3-jet rate for ycut  0.100 = 0.04859 +- 0.00243
   3-jet rate for ycut  0.050 = 0.11355 +- 0.00359
   3-jet rate for ycut  0.025 = 0.18696 +- 0.00441

   4-jet rate for ycut  0.008 = 0.06650 +- 0.00282

   < 1 - Thrust > = 0.06361 +- 0.00071

  ====================> end of final calculations ....
 *****************************************************

 _QUTHIS_ Write histograms/ntuples on histogram file
0_QWFILE_ Input / output files
 Selected events :      10000
 Current input file :   10000 events 
                     =  10040 run/event/other records
 No FILO card : No event output written
 Histogram file : qcdana_da_94_1.hbook                                                            
0_QWSUMM_ Job Summary:
  -------------------------------------------------------------------
 |  Integrated luminosity: (     0.00+-  0.00)nb-1 (stat. err. only) |
 |  Hadronic events:   12193    Eff. corrected:  12505.64            |   
  -------------------------------------------------------------------

_QWSUMM_ WARNING: Some run information was missing in database;
 hadronic event and LCAL LUMI  totals may be unreliable.

0_QWTIME_ : total     init    10000        1     term     TIME     time
             time     time   events    event     time     card     left
           114.96     0.88   114.07    0.011     0.01    10.00   302.04
0BOS--BEPRW-  REWIND UNIT 20
 _QMTERM_ Stop.
