This is pdfTeX, Version 3.14159265-2.6-1.40.18 (TeX Live 2017) (preloaded format=pdflatex 2017.5.23)  29 NOV 2017 00:23
entering extended mode
 restricted \write18 enabled.
 %&-line parsing enabled.
**ridgepaperALEPH.tex
(./ridgepaperALEPH.tex
LaTeX2e <2017-04-15>
Babel <3.10> and hyphenation patterns for 84 language(s) loaded.
(/usr/local/texlive/2017/texmf-dist/tex/latex/revtex4/revtex4.cls
Document Class: revtex4 2001/08/02 v4.0 (http://publish.aps.org/revtex4/ for do
cumentation)
 Copyright (c) 2001 The American Physical Society.
 mailto:revtex@aps.org
 Licensed under the LPPL:
http://www.ctan.org/tex-archive/macros/latex/base/lppl.txt
 Arthur Ogawa <ogawa@teleport.com>
 Based on work by David Carlisle <david@dcarlisle.demon.co.uk>.
ltxutil: portions licensed from W. E. Baxter (web@superscript.com)
Class revtex4 Info: Repairing broken LateX \@sect on input line 596.
\intertabularlinepenalty=\count79
\@tbpen=\count80
\@arstrutbox@hline=\box26
Class revtex4 Info: Repairing broken LaTeX \@xbitor on input line 1610.
ltxgrid: portions licensed from W. E. Baxter (web@superscript.com)
\c@linecount=\count81
\output=\toks14
\@protection@box=\box27
\@topmark@saved=\toks15
\footins@saved=\box28
\pagesofar=\box29
\footbox=\box30
\pagegrid@col=\count82
Class revtex4 Info: Incorporating package {textcase}  [1998/11/12 v0.06 Text on
ly upper/lower case changing (DPC)]. on input line 3682.
(/usr/local/texlive/2017/texmf-dist/tex/latex/url/url.sty
\Urlmuskip=\muskip10
Package: url 2013/09/16  ver 3.4  Verb mode for urls, etc.
)
\c@affil=\count83
\absbox=\box31
\c@part=\count84
\c@section=\count85
\c@subsection=\count86
\c@subsubsection=\count87
\c@paragraph=\count88
\c@subparagraph=\count89
\abovecaptionskip=\skip41
\belowcaptionskip=\skip42
\c@figure=\count90
\c@table=\count91

(/usr/local/texlive/2017/texmf-dist/tex/latex/natbib/natbib.sty
Package: natbib 2010/09/13 8.31b (PWD, AO)
\bibhang=\skip43
\bibsep=\skip44
LaTeX Info: Redefining \cite on input line 694.
\c@NAT@ctr=\count92
)
\widetext@top=\box32
\widetext@bot=\box33

(/usr/local/texlive/2017/texmf-dist/tex/latex/revtex4/revsymb.sty
Package: revsymb 2001/08/02 v4.0 (http://publish.aps.org/revtex4/ for documenta
tion)
LaTeX Info: Redefining \REV@mathfrak on input line 118.
))
(/usr/local/texlive/2017/texmf-dist/tex/latex/revtex4/aps.rtx
File: aps.rtx 2001/08/02 v4.0 (http://publish.aps.org/revtex4/ for documentatio
n)
)
(/usr/local/texlive/2017/texmf-dist/tex/latex/revtex4/10pt.rtx
File: 10pt.rtx 2001/08/02 v4.0 (http://publish.aps.org/revtex4/ for documentati
on)
)
(/usr/local/texlive/2017/texmf-dist/tex/latex/graphics/graphicx.sty
Package: graphicx 2014/10/28 v1.0g Enhanced LaTeX Graphics (DPC,SPQR)

(/usr/local/texlive/2017/texmf-dist/tex/latex/graphics/keyval.sty
Package: keyval 2014/10/28 v1.15 key=value parser (DPC)
\KV@toks@=\toks16
)
(/usr/local/texlive/2017/texmf-dist/tex/latex/graphics/graphics.sty
Package: graphics 2017/04/14 v1.1b Standard LaTeX Graphics (DPC,SPQR)

(/usr/local/texlive/2017/texmf-dist/tex/latex/graphics/trig.sty
Package: trig 2016/01/03 v1.10 sin cos tan (DPC)
)
(/usr/local/texlive/2017/texmf-dist/tex/latex/graphics-cfg/graphics.cfg
File: graphics.cfg 2016/06/04 v1.11 sample graphics configuration
)
Package graphics Info: Driver file: pdftex.def on input line 99.

(/usr/local/texlive/2017/texmf-dist/tex/latex/graphics-def/pdftex.def
File: pdftex.def 2017/01/12 v0.06k Graphics/color for pdfTeX

(/usr/local/texlive/2017/texmf-dist/tex/generic/oberdiek/infwarerr.sty
Package: infwarerr 2016/05/16 v1.4 Providing info/warning/error messages (HO)
)
(/usr/local/texlive/2017/texmf-dist/tex/generic/oberdiek/ltxcmds.sty
Package: ltxcmds 2016/05/16 v1.23 LaTeX kernel commands for general use (HO)
)
\Gread@gobject=\count93
))
\Gin@req@height=\dimen102
\Gin@req@width=\dimen103
)
(/usr/local/texlive/2017/texmf-dist/tex/latex/tools/dcolumn.sty
Package: dcolumn 2014/10/28 v1.06 decimal alignment package (DPC)

(/usr/local/texlive/2017/texmf-dist/tex/latex/tools/array.sty
Package: array 2016/10/06 v2.4d Tabular extension package (FMi)
\col@sep=\dimen104
\extrarowheight=\dimen105
\NC@list=\toks17
\extratabsurround=\skip45
\backup@length=\skip46
))
(/usr/local/texlive/2017/texmf-dist/tex/latex/tools/bm.sty
Package: bm 2017/01/16 v1.2c Bold Symbol Support (DPC/FMi)
\symboldoperators=\mathgroup4
\symboldletters=\mathgroup5
\symboldsymbols=\mathgroup6
LaTeX Font Info:    Redeclaring math alphabet \mathbf on input line 141.
LaTeX Info: Redefining \bm on input line 207.
)
(/usr/local/texlive/2017/texmf-dist/tex/latex/amsfonts/amssymb.sty
Package: amssymb 2013/01/14 v3.01 AMS font symbols

(/usr/local/texlive/2017/texmf-dist/tex/latex/amsfonts/amsfonts.sty
Package: amsfonts 2013/01/14 v3.01 Basic AMSFonts support
\@emptytoks=\toks18
\symAMSa=\mathgroup7
\symAMSb=\mathgroup8
LaTeX Font Info:    Overwriting math alphabet `\mathfrak' in version `bold'
(Font)                  U/euf/m/n --> U/euf/b/n on input line 106.
LaTeX Info: Redefining \frak on input line 111.
LaTeX Info: Redefining \Bbb on input line 113.
))
(./ridgepaperALEPH.aux

LaTeX Warning: Label `sec:' multiply defined.


LaTeX Warning: Label `sec:' multiply defined.


LaTeX Warning: Label `sec:datasample' multiply defined.

)
\openout1 = `ridgepaperALEPH.aux'.

LaTeX Font Info:    Checking defaults for OML/cmm/m/it on input line 13.
LaTeX Font Info:    ... okay on input line 13.
LaTeX Font Info:    Checking defaults for T1/cmr/m/n on input line 13.
LaTeX Font Info:    ... okay on input line 13.
LaTeX Font Info:    Checking defaults for OT1/cmr/m/n on input line 13.
LaTeX Font Info:    ... okay on input line 13.
LaTeX Font Info:    Checking defaults for OMS/cmsy/m/n on input line 13.
LaTeX Font Info:    ... okay on input line 13.
LaTeX Font Info:    Checking defaults for OMX/cmex/m/n on input line 13.
LaTeX Font Info:    ... okay on input line 13.
LaTeX Font Info:    Checking defaults for U/cmr/m/n on input line 13.
LaTeX Font Info:    ... okay on input line 13.
Class revtex4 Info: Unrecognized array package. Please update this document cla
ss! (Proceeding with fingers crossed.) on input line 13.
Class revtex4 Info: cite was not loaded (OK!) on input line 13.
Class revtex4 Info: multicol was not loaded (OK!) on input line 13.
 (/usr/local/texlive/2017/texmf-dist/tex/context/base/mkii/supp-pdf.mkii
[Loading MPS to PDF converter (version 2006.09.02).]
\scratchcounter=\count94
\scratchdimen=\dimen106
\scratchbox=\box34
\nofMPsegments=\count95
\nofMParguments=\count96
\everyMPshowfont=\toks19
\MPscratchCnt=\count97
\MPscratchDim=\dimen107
\MPnumerator=\count98
\makeMPintoPDFobject=\count99
\everyMPtoPDFconversion=\toks20
) (/usr/local/texlive/2017/texmf-dist/tex/generic/oberdiek/pdftexcmds.sty
Package: pdftexcmds 2017/03/19 v0.25 Utility functions of pdfTeX for LuaTeX (HO
)

(/usr/local/texlive/2017/texmf-dist/tex/generic/oberdiek/ifluatex.sty
Package: ifluatex 2016/05/16 v1.4 Provides the ifluatex switch (HO)
Package ifluatex Info: LuaTeX not detected.
)
(/usr/local/texlive/2017/texmf-dist/tex/generic/oberdiek/ifpdf.sty
Package: ifpdf 2017/03/15 v3.2 Provides the ifpdf switch
)
Package pdftexcmds Info: LuaTeX not detected.
Package pdftexcmds Info: \pdf@primitive is available.
Package pdftexcmds Info: \pdf@ifprimitive is available.
Package pdftexcmds Info: \pdfdraftmode found.
)
(/usr/local/texlive/2017/texmf-dist/tex/latex/oberdiek/epstopdf-base.sty
Package: epstopdf-base 2016/05/15 v2.6 Base part for package epstopdf

(/usr/local/texlive/2017/texmf-dist/tex/latex/oberdiek/grfext.sty
Package: grfext 2016/05/16 v1.2 Manage graphics extensions (HO)

(/usr/local/texlive/2017/texmf-dist/tex/generic/oberdiek/kvdefinekeys.sty
Package: kvdefinekeys 2016/05/16 v1.4 Define keys (HO)
))
(/usr/local/texlive/2017/texmf-dist/tex/latex/oberdiek/kvoptions.sty
Package: kvoptions 2016/05/16 v3.12 Key value format for package options (HO)

(/usr/local/texlive/2017/texmf-dist/tex/generic/oberdiek/kvsetkeys.sty
Package: kvsetkeys 2016/05/16 v1.17 Key value parser (HO)

(/usr/local/texlive/2017/texmf-dist/tex/generic/oberdiek/etexcmds.sty
Package: etexcmds 2016/05/16 v1.6 Avoid name clashes with e-TeX commands (HO)
Package etexcmds Info: Could not find \expanded.
(etexcmds)             That can mean that you are not using pdfTeX 1.50 or
(etexcmds)             that some package has redefined \expanded.
(etexcmds)             In the latter case, load this package earlier.
)))
Package epstopdf-base Info: Redefining graphics rule for `.eps' on input line 4
38.
Package grfext Info: Graphics extension search list:
(grfext)             [.png,.pdf,.jpg,.mps,.jpeg,.jbig2,.jb2,.PNG,.PDF,.JPG,.JPE
G,.JBIG2,.JB2,.eps]
(grfext)             \AppendGraphicsExtensions on input line 456.

(/usr/local/texlive/2017/texmf-dist/tex/latex/latexconfig/epstopdf-sys.cfg
File: epstopdf-sys.cfg 2010/07/13 v1.3 Configuration of (r)epstopdf for TeX Liv
e
))
LaTeX Font Info:    Try loading font information for U+msa on input line 38.

(/usr/local/texlive/2017/texmf-dist/tex/latex/amsfonts/umsa.fd
File: umsa.fd 2013/01/14 v3.01 AMS symbols A
)
LaTeX Font Info:    Try loading font information for U+msb on input line 38.

(/usr/local/texlive/2017/texmf-dist/tex/latex/amsfonts/umsb.fd
File: umsb.fd 2013/01/14 v3.01 AMS symbols B
)

Package natbib Warning: Citation `Khachatryan:2010gv' on page 1 undefined on in
put line 48.


Package natbib Warning: Citation `CMS:2012qk' on page 1 undefined on input line
 48.


Package natbib Warning: Citation `Abelev:2012ola' on page 1 undefined on input 
line 48.


Package natbib Warning: Citation `Aad:2012gla' on page 1 undefined on input lin
e 48.


Package natbib Warning: Citation `Aamodt:2010pa' on page 1 undefined on input l
ine 48.


Package natbib Warning: Citation `Chatrchyan:2012wg' on page 1 undefined on inp
ut line 48.


Package natbib Warning: Citation `Back:2004je' on page 1 undefined on input lin
e 50.


Package natbib Warning: Citation `Arsene:2004fa' on page 1 undefined on input l
ine 50.


Package natbib Warning: Citation `Adcox:2004mh' on page 1 undefined on input li
ne 50.


Package natbib Warning: Citation `Adams:2005dq' on page 1 undefined on input li
ne 50.


Package natbib Warning: Citation `Ollitrault:1992bk' on page 1 undefined on inp
ut line 50.


Package natbib Warning: Citation `Alver:2010gr' on page 1 undefined on input li
ne 50.


Package natbib Warning: Citation `Khachatryan:2010gv' on page 1 undefined on in
put line 51.


Package natbib Warning: Citation `CMS:2012qk' on page 1 undefined on input line
 51.


Package natbib Warning: Citation `Abelev:2012ola' on page 1 undefined on input 
line 51.


Package natbib Warning: Citation `Aad:2012gla' on page 1 undefined on input lin
e 51.


Package natbib Warning: Citation `Bzdak:2013zma' on page 1 undefined on input l
ine 51.


Package natbib Warning: Citation `Dusling:2015gta' on page 1 undefined on input
 line 51.


Package natbib Warning: Citation `Adamczyk:2012ku' on page 1 undefined on input
 line 51.


Package natbib Warning: Citation `Gelis:2010nm' on page 1 undefined on input li
ne 52.


Package natbib Warning: Citation `Dusling:2013qoz' on page 1 undefined on input
 line 52.

[1{/usr/local/texlive/2017/texmf-var/fonts/map/pdftex/updmap/pdftex.map}]
<figure1.png, id=21, 744.7825pt x 680.5425pt>
File: figure1.png Graphic file (type png)
 <use figure1.png>
Package pdftex.def Info: figure1.png used on input line 98.
(pdftex.def)             Requested size: 229.49844pt x 209.69911pt.
File: figure1.png Graphic file (type png)

<use figure1.png>
Package pdftex.def Info: figure1.png used on input line 106.
(pdftex.def)             Requested size: 229.49844pt x 209.69911pt.
 [2 <./figure1.png>]

LaTeX Warning: A float is stuck (cannot be placed); try class option [floatfix]
 on input line 127.


<plots/GlobalObservables/LEP1/allmomlep1.pdf, id=28, 569.12625pt x 545.03625pt>
File: plots/GlobalObservables/LEP1/allmomlep1.pdf Graphic file (type pdf)
<use plots/GlobalObservables/LEP1/allmomlep1.pdf>
Package pdftex.def Info: plots/GlobalObservables/LEP1/allmomlep1.pdf used on in
put line 134.
(pdftex.def)             Requested size: 203.99689pt x 195.36461pt.

<plots/GlobalObservables/LEP1/allmultlep1.pdf, id=29, 569.12625pt x 545.03625pt
>
File: plots/GlobalObservables/LEP1/allmultlep1.pdf Graphic file (type pdf)
 <use plots/GlobalObservables/LEP1/allmultlep1.pdf>
Package pdftex.def Info: plots/GlobalObservables/LEP1/allmultlep1.pdf used on i
nput line 140.
(pdftex.def)             Requested size: 203.99689pt x 195.36461pt.

<plots/GlobalObservables/LEP1/jetetalep1.pdf, id=30, 569.12625pt x 545.03625pt>
File: plots/GlobalObservables/LEP1/jetetalep1.pdf Graphic file (type pdf)
<use plots/GlobalObservables/LEP1/jetetalep1.pdf>
Package pdftex.def Info: plots/GlobalObservables/LEP1/jetetalep1.pdf used on in
put line 147.
(pdftex.def)             Requested size: 203.99689pt x 195.36461pt.

<plots/GlobalObservables/LEP1/jetptlep1.pdf, id=31, 569.12625pt x 545.03625pt>
File: plots/GlobalObservables/LEP1/jetptlep1.pdf Graphic file (type pdf)

<use plots/GlobalObservables/LEP1/jetptlep1.pdf>
Package pdftex.def Info: plots/GlobalObservables/LEP1/jetptlep1.pdf used on inp
ut line 153.
(pdftex.def)             Requested size: 203.99689pt x 195.36461pt.

<plots/GlobalObservables/LEP2/allmomlep2.pdf, id=32, 569.12625pt x 545.03625pt>
File: plots/GlobalObservables/LEP2/allmomlep2.pdf Graphic file (type pdf)
<use plots/GlobalObservables/LEP2/allmomlep2.pdf>
Package pdftex.def Info: plots/GlobalObservables/LEP2/allmomlep2.pdf used on in
put line 162.
(pdftex.def)             Requested size: 229.49844pt x 219.78207pt.

<plots/GlobalObservables/LEP2/allmultlep2.pdf, id=33, 569.12625pt x 545.03625pt
>
File: plots/GlobalObservables/LEP2/allmultlep2.pdf Graphic file (type pdf)
 <use plots/GlobalObservables/LEP2/allmultlep2.pdf>
Package pdftex.def Info: plots/GlobalObservables/LEP2/allmultlep2.pdf used on i
nput line 168.
(pdftex.def)             Requested size: 229.49844pt x 219.78207pt.

<plots/GlobalObservables/LEP2/jetetalep2.pdf, id=34, 569.12625pt x 545.03625pt>
File: plots/GlobalObservables/LEP2/jetetalep2.pdf Graphic file (type pdf)
<use plots/GlobalObservables/LEP2/jetetalep2.pdf>
Package pdftex.def Info: plots/GlobalObservables/LEP2/jetetalep2.pdf used on in
put line 175.
(pdftex.def)             Requested size: 229.49844pt x 219.78207pt.

<plots/GlobalObservables/LEP2/jetptlep2.pdf, id=35, 569.12625pt x 545.03625pt>
File: plots/GlobalObservables/LEP2/jetptlep2.pdf Graphic file (type pdf)

<use plots/GlobalObservables/LEP2/jetptlep2.pdf>
Package pdftex.def Info: plots/GlobalObservables/LEP2/jetptlep2.pdf used on inp
ut line 181.
(pdftex.def)             Requested size: 229.49844pt x 219.78207pt.

No file ridgepaperALEPH.bbl.

Package natbib Warning: There were undefined citations.

[3 <./plots/GlobalObservables/LEP1/allmomlep1.pdf, page is rotated 90 degrees> 
<./plots/GlobalObservables/LEP1/allmultlep1.pdf, page is rotated 90 degrees> <.
/plots/GlobalObservables/LEP1/jetetalep1.pdf, page is rotated 90 degrees>]
[4 <./plots/GlobalObservables/LEP1/jetptlep1.pdf, page is rotated 90 degrees> <
./plots/GlobalObservables/LEP2/allmomlep2.pdf, page is rotated 90 degrees>]
[5 <./plots/GlobalObservables/LEP2/allmultlep2.pdf, page is rotated 90 degrees>
 <./plots/GlobalObservables/LEP2/jetetalep2.pdf, page is rotated 90 degrees>]
[6 <./plots/GlobalObservables/LEP2/jetptlep2.pdf, page is rotated 90 degrees>]
(./ridgepaperALEPH.aux)

LaTeX Warning: There were multiply-defined labels.

 ) 
Here is how much of TeX's memory you used:
 3575 strings out of 492995
 48446 string characters out of 6132704
 122673 words of memory out of 5000000
 7065 multiletter control sequences out of 15000+600000
 14642 words of font info for 54 fonts, out of 8000000 for 9000
 1141 hyphenation exceptions out of 8191
 39i,7n,26p,1412b,306s stack positions out of 5000i,500n,10000p,200000b,80000s
</usr/local/texlive/2017/texmf-dist/fonts/type1/public/amsfonts/cm/cmbx10.pfb
></usr/local/texlive/2017/texmf-dist/fonts/type1/public/amsfonts/cm/cmbx12.pfb>
</usr/local/texlive/2017/texmf-dist/fonts/type1/public/amsfonts/cm/cmbx9.pfb></
usr/local/texlive/2017/texmf-dist/fonts/type1/public/amsfonts/cm/cmmi10.pfb></u
sr/local/texlive/2017/texmf-dist/fonts/type1/public/amsfonts/cm/cmmi7.pfb></usr
/local/texlive/2017/texmf-dist/fonts/type1/public/amsfonts/cm/cmmi9.pfb></usr/l
ocal/texlive/2017/texmf-dist/fonts/type1/public/amsfonts/cm/cmr10.pfb></usr/loc
al/texlive/2017/texmf-dist/fonts/type1/public/amsfonts/cm/cmr6.pfb></usr/local/
texlive/2017/texmf-dist/fonts/type1/public/amsfonts/cm/cmr7.pfb></usr/local/tex
live/2017/texmf-dist/fonts/type1/public/amsfonts/cm/cmr8.pfb></usr/local/texliv
e/2017/texmf-dist/fonts/type1/public/amsfonts/cm/cmr9.pfb></usr/local/texlive/2
017/texmf-dist/fonts/type1/public/amsfonts/cm/cmsy10.pfb></usr/local/texlive/20
17/texmf-dist/fonts/type1/public/amsfonts/cm/cmsy6.pfb></usr/local/texlive/2017
/texmf-dist/fonts/type1/public/amsfonts/cm/cmsy7.pfb></usr/local/texlive/2017/t
exmf-dist/fonts/type1/public/amsfonts/cm/cmti7.pfb></usr/local/texlive/2017/tex
mf-dist/fonts/type1/public/amsfonts/cm/cmti9.pfb>
Output written on ridgepaperALEPH.pdf (6 pages, 443929 bytes).
PDF statistics:
 444 PDF objects out of 1000 (max. 8388607)
 207 compressed objects within 3 object streams
 0 named destinations out of 1000 (max. 500000)
 46 words of extra memory for PDF output out of 10000 (max. 10000000)

