Getting settings..
Initializing histograms...
WARNNING: Input jet tree guess 'ak4ESchemeJetTree' is not found in file, substituting 'akR4ESchemeJetTree'. Please fix if this substitution is not wanted.
Getting settings..
Getting settings..
Getting settings..
Getting settings..
40274,1430
40274,1434
40274,1477
40274,1499
40274,1506
40274,1567
40274,1570
40274,1625
40274,1658
40274,1676
40274,1686
40274,1689
40274,1690
40274,1720
40274,1722
40274,1727
40274,1733
40274,1750
40274,1754
40274,1759
40274,1765
40274,1782
40274,1783
40274,1855
40274,1869
40274,1878
40274,1899
40274,1923
40274,1937
40274,1941
40274,2028
40274,2046
40274,2052
40274,2079
40274,2113
40274,2125
40274,2138
40274,2174
40274,2187
40274,2197
40274,2223
40274,2244
40274,2246
40274,2279
40274,2282
40274,2325
40274,2328
40274,2330
40274,2334
40274,2342
40274,2378
40274,2392
40274,2409
40274,2420
40274,2455
40274,2472
40274,2473
40274,2487
40274,2489
40274,2509
40274,2513
40274,2526
40274,2542
40274,2564
40274,2590
40274,2606
40274,2650
40274,2655
40274,2675
40274,2711
40274,2775
40274,2792
40274,2814
40274,2838
40274,2855
40274,2872
40274,2873
40274,2887
40274,2906
40274,2909
40274,2964
40274,2989
40274,3006
40274,3010
40274,3019
40274,3050
40274,3063
40274,3095
40274,3119
40274,3168
40274,3209
40274,3219
40274,3231
40274,3258
40274,3262
40274,3285
40274,3296
40274,3309
40274,3340
40274,3346
40274,3374
40274,3383
40274,3386
40274,3389
40274,3396
40274,3434
40274,3444
40274,3460
40275,13
40275,27
40275,28
40275,49
40275,59
40275,74
40275,88
40275,93
40275,132
40275,143
40275,167
40275,226
40275,266
40275,271
40275,281
40275,290
40275,315
40275,339
40275,370
40275,371
40275,375
40275,377
40275,378
40275,384
40275,406
40275,460
40275,473
40275,489
40275,490
40275,505
40275,514
40275,519
40275,523
40275,524
40275,526
40275,581
40275,653
40275,665
40275,667
40275,713
40275,726
40275,779
40275,784
40275,812
40275,828
40275,831
40275,881
40275,896
40275,913
40275,932
40275,944
40275,958
40275,972
40275,991
40275,1028
40275,1034
40275,1071
40275,1088
40275,1095
40275,1128
40275,1152
40275,1162
40275,1196
40275,1199
40275,1225
40275,1248
40275,1267
40275,1297
40275,1326
40275,1353
40275,1375
40275,1379
40275,1381
40275,1394
40275,1405
40275,1414
40275,1415
40275,1416
40275,1417
40275,1480
40275,1502
40275,1505
40275,1524
40275,1526
40275,1569
40275,1587
40275,1611
40275,1628
40275,1634
40275,1663
40275,1684
40275,1687
40275,1701
40275,1728
40275,1746
40275,1753
40275,1767
40275,1787
40275,1829
40275,1853
40275,1855
40275,1857
40275,1878
40275,1881
40275,1918
40275,1928
40275,1940
40275,1943
40275,1958
40275,1960
40275,1974
40275,1982
40275,2018
40275,2020
40275,2033
40275,2036
40275,2079
40275,2141
40275,2162
40275,2196
40275,2244
40275,2245
40275,2265
40275,2272
40275,2313
40275,2322
40275,2357
40275,2361
40275,2434
40275,2437
40275,2496
40275,2502
40275,2555
40275,2567
40275,2583
40275,2593
40275,2625
40275,2650
40275,2687
40275,2691
40275,2720
40275,2734
40275,2770
40275,2828
40275,2829
40275,2847
40275,2849
40275,2856
40275,2863
40275,2935
40275,2942
40275,2943
40275,2956
40275,2960
40275,2976
40275,2980
40275,2985
40275,3018
40275,3024
40275,3044
40275,3067
40275,3071
40275,3083
40275,3111
40275,3150
40275,3154
40275,3161
40275,3168
40275,3177
40275,3234
40275,3248
40275,3351
40275,3353
40275,3373
40275,3414
40275,3465
40275,3477
40275,3502
40275,3505
40275,3514
40275,3515
40275,3556
40276,5
40276,40
40276,57
40276,71
40276,76
40276,90
40276,127
40276,135
40276,153
40276,158
40276,162
40276,166
40276,181
40276,208
40276,241
40276,251
40276,259
40276,284
40276,298
40276,318
40276,319
40276,359
40276,371
40276,386
40276,413
40276,415
40276,426
40276,436
40276,439
40276,463
40276,471
40277,191
40278,1137
40278,1149
40278,1152
40278,1153
40278,2596
40278,2660
40278,2666
40278,2669
40278,2759
40278,2760
40278,2776
40278,2798
40278,2829
40279,13
40279,20
40279,37
40279,40
40279,60
40279,96
40279,167
40279,174
40279,229
40279,235
40279,252
40279,265
40279,275
40279,281
40279,302
40279,304
40279,315
40279,317
40279,323
40279,331
40279,335
40279,343
40279,362
40279,373
40279,411
40279,473
40279,498
40279,509
40279,593
40279,612
40279,645
40279,668
40279,737
40279,740
40279,785
40279,794
40279,818
40279,872
40279,902
40279,903
40279,910
40279,959
40279,963
40279,1027
40279,1044
40279,1088
40279,1090
40279,1119
40279,1131
40279,1135
40279,1184
40279,1208
40279,1222
40279,1223
40279,1232
40279,1240
40279,1266
40279,1314
40279,1316
40279,1368
40279,1370
40279,1392
40279,1404
40279,1407
40279,1442
40279,1460
40279,1480
40279,1531
40279,1538
40279,1558
40279,1588
40279,1601
40279,1639
40279,1737
40279,1752
40279,1754
40279,1760
40279,1763
40279,1766
40279,1826
40279,1834
40279,1843
40279,1902
40279,1910
40279,1912
40279,1919
40279,1932
40279,1958
40279,1967
40279,1993
40279,2027
40279,2035
40279,2060
40279,2084
40279,2187
40279,2206
40279,2211
40279,2227
40279,2254
40279,2278
40279,2311
40279,2335
40280,9
40280,14
40280,15
40280,18
40280,27
40280,51
40280,61
40280,63
40280,74
40280,81
40280,128
40280,132
40280,151
40280,211
40280,212
40280,265
40280,269
40280,274
40280,275
40280,281
40280,283
40280,323
40280,345
40280,360
40280,408
40280,501
40280,558
40280,580
40280,586
40280,595
40280,601
40280,627
40280,631
40280,634
40280,640
40280,678
40280,682
40280,705
40280,710
40280,726
40280,744
40280,750
40280,768
40280,780
40280,814
40280,818
40280,836
40280,846
40280,857
40280,865
40280,866
40280,879
40280,881
40280,890
40280,901
40280,907
40280,921
40280,936
40280,945
40280,949
40280,964
40280,976
40280,985
40280,999
40280,1004
40280,1005
40280,1045
40280,1060
40280,1081
40280,1084
40280,1125
40280,1128
40280,1133
40280,1181
40280,1216
40280,1239
40280,1251
40280,1269
40280,1273
40280,1277
40280,1312
40280,1330
40280,1340
40280,1344
40280,1357
40280,1416
40280,1419
40280,1427
40280,1464
40280,1483
40280,1542
40280,1616
40280,1619
40280,1631
40280,1650
40280,1709
40280,1722
40280,1727
40280,1732
40280,1734
40280,1834
40280,1835
40280,1840
40280,1861
40280,1893
40280,1908
40280,1916
40280,1925
40280,1932
40280,1945
40280,1966
40280,1994
40280,1996
40280,2033
40280,2049
40280,2073
40280,2090
40280,2113
40280,2124
40280,2130
40280,2137
40280,2149
40280,2164
40280,2171
40280,2233
40280,2239
40280,2262
40280,2282
40280,2289
40280,2303
40280,2320
40280,2326
40280,2335
40280,2363
40280,2367
40280,2411
40280,2420
40280,2422
40280,2425
40280,2449
40280,2459
40280,2520
40280,2534
40280,2549
40280,2585
40280,2596
40280,2614
40280,2619
40280,2620
40280,2653
40280,2661
40280,2667
40280,2673
40280,2780
40280,2796
40280,2826
40280,2831
40295,12374
40295,13066
40295,13663
40295,14360
40295,15704
40295,15985
40295,19843
40295,20014
40295,21024
40295,21798
40295,22561
40295,22856
40295,23875
40296,9829
40296,10791
40296,16180
40296,16721
40296,17251
40296,17524
40297,670
40297,2433
40297,5046
40297,5689
40297,6190
40297,9935
40307,85
40307,460
40307,559
40307,615
40307,1933
40307,1946
40307,3383
40307,7316
40307,7981
40307,8061
40307,8432
40307,8467
40307,8473
40307,8652
40308,1750
40308,3102
40308,3119
40308,4194
40308,5221
40308,5528
40308,5611
40308,6408
40308,8029
40309,1235
40309,2104
40309,3794
40309,4658
40309,5087
40309,6346
40309,6831
40310,1158
40310,1327
40310,2401
40310,3382
40310,3529
40316,180
40316,421
40316,651
40316,2047
40316,2676
40316,3103
40316,3177
40319,1324
40319,1463
40319,1547
40319,2933
40319,3083
40319,3689
40319,3966
40319,4782
40319,5173
40319,6818
40319,6882
40319,7352
40319,8083
40319,8245
40319,8896
40319,9098
40319,10130
40319,11060
40319,12066
40320,1103
40320,1191
40320,1916
40320,2056
40320,4097
40320,4209
40320,5156
40320,5237
40320,5783
40320,6009
40320,7083
40320,7512
40320,8434
40321,1251
40321,2016
40321,2045
40321,3317
40321,3605
40321,5117
40321,5235
40321,5453
40321,5800
40321,6554
40321,6622
40321,7230
40321,7688
40321,7766
40321,7939
40321,7942
40322,138
40322,3219
40322,5539
40322,5844
40322,6398
40322,6653
40322,7273
40323,1679
40323,1776
40323,1882
40323,2122
40323,2317
40323,3136
40323,3429
40323,3745
40323,5433
40323,5656
40323,5999
40323,6136
40323,6365
40324,154
40324,258
40324,672
40324,997
40324,1356
40324,2230
40324,2518
40324,2968
40324,3287
40324,4981
40325,1329
40325,1848
40329,394
40329,791
40329,1325
40329,1510
40329,1521
40329,2536
40329,3019
40329,4140
40329,5176
40329,6427
40329,6748
40329,6757
40329,6873
40329,7854
40329,8261
40329,9052
40329,9578
40329,9708
40329,9793
40329,10240
40329,10359
40333,987
40333,2742
40333,3058
40333,3161
40333,3336
40333,3354
40333,3581
40333,4431
40333,6668
40333,7285
40333,7946
40334,1164
40334,1242
40334,2249
40334,2286
40334,2579
40334,3579
40334,3919
40334,5240
40334,6691
40334,7293
40335,229
40335,1606
40335,2115
40335,2715
40335,3634
40335,4268
40335,5077
40337,152
40337,319
40337,459
40337,909
40337,1948
40337,1973
40337,2360
40337,2664
40337,3866
40337,3908
40337,4167
40337,4855
40337,5181
40337,5333
40337,6473
40337,6919
40337,6922
40337,8232
40337,8502
40337,10423
40337,11193
40337,11235
40337,11319
40338,562
40338,1438
40338,1663
40338,1772
40338,1792
40338,1848
40338,2136
40338,2582
40338,2608
40338,2716
40338,3444
40338,3526
40338,4159
40338,4292
40338,4536
40338,4622
40338,4758
40338,5842
40338,6021
40338,6060
40338,7252
40338,7545
40338,8340
40338,8730
40338,9477
40338,9716
40339,615
40339,1458
40339,1810
40339,1940
40339,1950
40339,2041
40339,2449
40339,2517
40339,2680
40339,3163
40339,3723
40339,4731
40339,4797
40339,7221
40339,7364
40339,7669
40339,7802
40340,1019
40340,1318
40340,1532
40340,1952
40340,4208
40340,4894
40340,5468
40340,5538
40340,6114
40340,6537
40345,163
40345,407
40345,584
40345,1248
40345,1463
40345,1525
40345,1766
40345,2008
40345,2291
40345,3309
40345,4123
40345,4166
40345,4394
40345,4428
40345,4799
40345,5385
40345,6069
40345,6356
40345,6541
40345,7665
40345,8613
40345,8695
40345,9054
40345,9833
40345,9835
40345,10130
40345,10486
40345,10687
40345,10949
40345,11206
40345,11792
40345,11875
40346,704
40346,2620
40346,3212
40346,3476
40346,4652
40346,4995
40346,5462
40346,5625
40346,5946
40346,6164
40346,7955
40346,8519
40346,9257
40346,9297
40346,9689
40346,10273
40346,10302
40347,3004
40347,3147
40347,3312
40347,3838
40347,5062
40347,5502
40347,5528
40347,7279
40347,8297
40348,919
40348,1267
40348,1844
40348,3093
40348,3148
40348,3150
40348,3930
40348,5356
40348,6695
40348,6838
40348,7024
40349,226
40353,315
40353,527
40353,716
40353,1489
40353,2350
40353,2927
40353,3795
40353,5413
40353,5578
40353,6114
40353,6596
40353,7833
40353,8312
40353,10332
40354,401
40354,535
40354,922
40354,2086
40354,2722
40354,3084
40354,3304
40354,5744
40354,6883
40354,7627
40354,8628
40355,163
40355,623
40355,1988
40355,2153
40355,2701
40355,3023
40355,3209
40355,3919
40355,4300
40355,4349
40359,116
40359,810
40359,1632
40359,3124
40359,3470
40359,4122
40359,5738
40359,5928
40359,5934
40359,5998
40359,6774
40359,6790
40359,7425
40359,8029
40359,8091
40359,8453
40359,9072
40359,10258
40360,38
40360,337
40360,1480
40360,2722
40360,3503
40360,3624
40360,4211
40360,4523
40360,4705
40360,6073
40360,7255
40360,7330
40360,7357
40360,8486
40360,8930
40360,9599
40361,2
40361,844
40361,856
40361,1169
40361,1219
40361,1605
40361,1869
40361,4566
40361,4740
40361,5120
40361,5310
40361,5393
40361,5808
40361,6061
40361,6295
40361,7372
40361,7612
40361,8026
40362,266
40362,863
40362,1953
40362,2168
40362,2239
40362,2848
40362,2925
40362,3022
40362,3153
40362,3329
40362,3371
40362,3816
40362,3996
40362,5280
40362,5747
40362,7014
40362,7264
40363,400
40365,900
40365,1935
40365,2871
40365,4191
40365,4890
40365,5721
40365,5909
40365,6424
40365,7017
40365,7029
40365,7224
40365,7684
40365,7840
40365,7925
40365,12005
40365,12864
40366,60
40366,1835
40366,2367
40366,3180
40366,3190
40366,3868
40366,3987
40366,4066
40366,4500
40366,5139
40366,5194
40366,5636
40366,6016
40366,6164
40366,6236
40366,6243
40366,6468
40366,6516
40366,6622
40366,6892
40366,7548
40366,7566
40366,8091
40366,8909
40366,9614
40366,9930
40366,10024
40366,10367
40366,10406
40366,10609
40366,10682
40366,10945
40366,11311
40366,11607
40366,11650
40366,11712
40366,11728
40366,11787
40366,12677
40366,12744
40366,12839
40366,13160
40367,344
40367,505
40367,697
40382,637
40382,1111
40382,1725
40382,2495
40382,2681
40382,3217
40382,3673
40382,4363
40382,4650
40382,4966
40382,5235
40382,5493
40382,5791
40382,6108
40382,6277
40382,6290
40382,8879
40382,9155
40382,9592
40382,9618
40382,10304
40383,70
40383,251
40383,512
40383,552
40383,1473
40383,1748
40383,2220
40383,2670
40383,2739
40383,3167
40383,3179
40383,3831
40383,3881
40383,4129
40383,5053
40383,5850
40383,5977
40383,8014
40383,9392
40384,474
40384,726
40384,1263
40384,1524
40384,1972
40384,2380
40384,2635
40384,3383
40384,4437
40384,4951
40384,5616
40384,6372
40384,6925
40384,7467
40384,7885
40384,8366
40385,126
40385,261
40385,388
40385,1499
40385,2598
40385,2723
40385,3170
40385,3172
40385,4831
40385,4904
40385,6387
40385,6971
40385,7324
40385,7333
40387,2117
40387,3027
40387,3397
40387,3450
40387,4210
40387,5296
40387,5433
40387,6917
40387,7558
40387,7773
40387,7840
40387,8116
40387,8714
40387,9638
40387,10130
40387,10224
40387,10585
40387,11054
40387,11230
40387,11466
40387,11620
40387,12449
40387,12751
40387,12763
40387,13162
40387,14571
40387,15561
40387,15747
40387,15932
40387,16277
40387,16468
40387,16646
40387,17056
40387,17311
40387,17775
40387,18037
40387,20792
40387,20818
40387,20900
40387,21184
40388,234
40388,398
40388,692
40388,765
40388,993
40388,1180
40388,1942
40388,2916
40388,4184
40388,4561
40388,4939
40388,5012
40388,5532
40388,6039
40388,6453
40388,6473
40388,6861
40388,7195
40388,7213
40388,7741
40388,9468
40388,9626
40388,10314
40388,10451
40388,10893
40388,11306
40388,11404
40388,11515
40388,12129
40388,12493
40388,13609
40388,13831
40388,13967
40388,14536
40388,15193
40388,15641
40388,16559
40388,16999
40388,17055
40389,573
40389,669
40389,1379
40389,1449
40389,2532
40389,2818
40389,2951
40389,2965
40389,3062
40389,3717
40389,4896
40389,5099
40389,6336
40389,7223
40389,7257
40389,8307
40389,8557
40389,8571
40389,9817
40389,10311
40389,10336
40389,10844
40389,11031
40389,11666
40389,11865
40389,11919
40389,12481
40389,12876
40389,13425
40389,13508
40389,13724
40390,312
40390,365
40390,579
40390,1628
40390,2599
40390,3627
40390,3963
40390,4127
40390,8242
40390,9215
40390,9782
40390,10508
40391,597
40391,842
40391,1041
40391,1281
40391,2566
40391,2722
40395,3124
40395,3189
40395,3588
40395,4786
40395,5147
40395,5161
40395,5387
40395,5577
40395,5608
40395,5639
40395,5671
40395,5906
40395,6453
40395,6847
40395,8240
40395,8428
40395,9001
40395,10022
40395,10156
40395,10478
40395,10512
40395,10856
40395,11113
40395,11544
40395,12780
40395,13265
40395,13541
40395,14415
40395,14775
40395,14948
40395,15527
40395,15792
40395,15796
40396,234
40396,375
40396,503
40396,571
40396,615
40396,856
40396,1021
40396,1144
40396,1406
40396,1489
40396,1513
40396,2373
40396,2908
40396,3580
40396,4280
40396,4589
40396,5603
40396,6301
40396,6897
40396,7157
40396,7743
40396,8178
40396,9318
40396,9364
40396,10371
40396,10535
40396,11397
40396,12374
40397,371
40397,1017
40397,1110
40403,744
40403,1421
40403,1543
40403,2448
40403,3317
40403,4317
40403,4550
40403,5669
40403,5905
40403,6642
40407,496
40407,1264
40407,1448
40407,1685
40407,2023
40407,2234
40407,2921
40407,4243
40407,4349
40407,5029
40407,6523
40407,6562
40408,141
40408,261
40408,642
40408,687
40408,1077
40408,1643
40408,3370
40408,4111
40408,4951
40408,5220
40408,5348
40408,5753
40408,6763
40408,9992
40408,11613
40409,973
40409,2554
40409,3427
40410,122
40410,1323
40415,658
40415,1064
40415,2489
40415,3114
40415,4520
40415,5737
40415,6476
40415,7874
40416,1607
40416,2280
40416,4039
40418,359
40418,1004
40418,1095
40418,1135
40418,2704
40418,2881
40418,3380
40418,3748
40418,4060
40418,4425
40418,4858
40418,5239
40418,5444
40418,6071
40418,6415
40418,6709
40418,8033
40419,903
40419,2822
40419,2931
40419,3054
40419,3067
40419,3876
40419,4164
40419,4388
40419,4668
40419,5170
40419,5406
40419,5425
40419,5544
40419,5986
40419,6773
40420,7
40420,88
40420,189
40420,677
40420,1741
40420,5170
40421,193
40421,316
40425,1393
40425,2341
40425,3399
40425,4999
40425,5021
40425,6969
40425,7348
40427,31
40427,194
40427,382
40427,701
40427,896
40427,1642
40427,4107
40427,4624
40427,4840
40427,5066
40427,5480
40427,6432
40427,6626
40427,6630
40427,7413
40427,7525
40427,7585
40427,7766
40427,8253
40427,8309
40427,8960
40427,9028
40427,9204
40427,9704
40428,406
40428,1617
40428,3245
40428,3451
40428,3903
40428,4147
40428,6001
40428,6008
40428,6068
40428,6539
40428,7078
40428,7846
40428,7911
40428,7968
40429,747
40429,1035
40429,1997
40429,4601
40429,5391
40429,5979
40429,6479
40430,213
40430,1631
40430,1783
40430,2440
40430,2760
40430,3146
40430,3328
40430,4100
40430,4268
40430,4489
40430,4992
40437,1155
40437,1886
40437,2172
40437,3046
40437,4585
40437,4922
40437,6428
40437,6533
40438,59
40438,161
40438,725
40438,766
40438,1529
40438,1592
40438,1885
40438,2021
40438,2764
40439,733
40439,1378
40441,375
40441,466
40441,906
40441,2571
40441,2809
40441,3639
40441,3830
40441,3958
40441,4482
40441,7217
40441,7945
40441,8787
40441,9241
40441,9660
40442,63
40442,761
40442,2975
40442,3197
40450,1105
40450,1547
40450,2796
40450,5539
40450,6677
40450,6986
40450,7094
40450,7299
40450,8236
40450,8540
40451,1424
40451,1824
40451,1841
40451,2779
40451,3199
40451,4260
40451,5794
40451,6346
40451,6570
40451,7660
40451,7903
40452,1158
40452,1206
40452,1345
40466,149
40466,305
40466,1252
40468,210
40470,51
40470,464
40470,558
40470,1360
40470,1390
40470,2596
40470,2696
40470,3045
40470,3542
40470,3660
40470,4060
40470,4512
40470,4578
40470,6651
40470,6855
40470,7321
40470,7937
40470,8362
40470,8849
40471,1019
40471,1367
40471,2396
40471,2736
40471,3142
40471,3980
40471,5794
40471,6137
40472,2019
40474,994
40474,1763
40474,1800
40474,2355
40474,3173
40474,3296
40479,1059
40479,1090
40483,738
40483,759
40483,1603
40483,1733
40483,2057
40483,2920
40483,3499
40483,4232
40483,5134
40486,1948
40486,2681
40486,2698
40486,2826
40486,6270
40486,6719
40486,7029
40486,7702
40487,122
40487,1565
40487,2140
40487,4877
40487,5531
40487,5929
40487,6982
40488,82
40488,577
40488,795
40488,2826
40488,2871
40490,932
40490,1427
40493,76
40493,140
40493,514
40493,739
40493,874
40493,1592
40493,1983
40493,3548
40493,3609
40493,3617
40493,3688
40493,3716
40493,4106
40493,4172
40493,4630
40493,4994
40493,5872
40493,6240
40493,6593
40493,6646
40493,7398
40493,8727
40493,8848
40493,9066
40495,125
40495,634
40495,773
40495,1276
40495,1302
40495,1752
40495,2155
40495,2775
40495,3157
40495,3633
40495,4326
40495,5716
40495,5757
40495,6358
40495,6912
40495,7631
40495,8016
40495,9949
40500,1035
40500,1152
40500,2828
40500,3048
40502,70
40502,603
40502,833
40502,872
40502,1070
40502,1457
40502,1494
40502,1770
40502,2206
40502,2345
40502,4202
40502,4249
40502,4342
40502,6441
40502,7061
40502,7627
40502,7680
40502,8164
40502,8309
40502,8658
40503,245
40503,472
40503,620
40503,2688
40503,3094
40503,3164
40503,3414
40503,3973
40503,4139
40503,4972
40503,6365
40503,6671
40503,6702
40504,303
40504,396
40504,1229
40504,1547
40504,2297
40504,2770
40504,3675
40504,4026
40504,4508
40504,5857
40507,721
40507,2671
40507,3781
40507,4253
40507,4487
40507,4604
40507,4715
40507,5293
40507,5889
40507,6091
40507,6424
40507,6522
40507,6541
40507,7923
40507,8729
40507,8978
40507,9268
40507,9324
40508,765
40508,1352
40508,1412
40508,1469
40508,2094
40508,2161
40508,3450
40508,3864
40508,4832
40508,4899
40508,5618
40508,5778
40508,6711
40508,7032
40508,7834
40508,8679
40508,8753
40509,2184
40509,3385
40509,3418
40509,5560
40509,5993
40509,6065
40509,6588
40510,28
40510,133
40510,362
40510,1539
40510,2316
40512,38
40512,240
40512,1537
40512,1874
40512,2486
40512,3388
40512,3408
40512,4388
40512,4527
40512,5875
40512,6162
40512,6168
40512,6187
40514,620
40514,992
40514,1112
40514,1332
40514,2119
40514,2375
40514,3282
40514,3586
40514,4199
40514,5214
40514,6339
40514,7421
40514,7743
40514,8498
40514,9962
40514,11510
40514,11722
40514,12764
40514,12999
40514,13613
40515,304
40515,887
40515,1016
40515,2365
40515,2721
40515,3288
40515,4270
40515,5149
40515,5816
40515,6241
40515,6343
40515,6694
40515,6941
40515,7007
40515,7283
40515,8323
40515,8743
40515,9626
40515,9881
40515,10540
40515,10755
40515,10952
40521,196
40521,471
40521,5033
40521,5450
40521,5575
40521,6036
40521,6886
40521,8529
40521,9235
40521,9488
40521,10346
40521,10481
40521,11215
40521,12468
40521,12700
40521,12978
40521,13436
40521,13485
40521,13986
40521,15202
40521,15315
40522,264
40522,3103
40522,3486
40522,4553
40522,4801
40522,5040
40522,5215
40522,5887
40522,6806
40522,9111
40522,9857
40522,10045
40522,10407
40522,11748
40522,11791
40522,12168
40523,252
40523,710
40523,1322
40523,2430
40523,2440
40523,2441
40523,2596
40523,4418
40523,5145
40523,5782
40523,6458
40523,8309
40523,8413
40523,9932
40523,10594
40523,10842
40524,1028
40524,1040
40524,2082
40524,2954
40524,3042
40524,3959
40524,4856
40524,5524
40524,6359
40524,7285
40527,566
40527,738
40527,2619
40527,3657
40527,3670
40527,3806
40527,4022
40527,6476
40527,6910
40527,7003
40527,7412
40527,7483
40527,7551
40527,8274
40527,8593
40527,9319
40527,9608
40527,10000
40527,10021
40527,10219
40527,10544
40527,11188
40528,309
40528,1208
40528,1695
40528,1935
40528,2283
40528,2392
40528,4229
40528,4298
40528,4699
40528,4701
40528,5033
40528,5409
40528,5663
40528,6704
40528,7111
40528,8279
40528,8482
40528,8706
40528,9057
40528,9147
40528,9861
40528,10177
40529,2062
40529,2963
40529,3137
40529,3225
40529,3471
40529,4217
40529,4461
40534,293
40534,869
40534,2841
40534,5084
40534,5408
40534,5505
40534,5978
40534,6158
40534,6398
40534,6403
40534,7054
40534,7809
40534,8002
40534,9567
40534,10310
40534,11552
40534,11814
40534,11944
40534,12332
40534,12446
40534,12692
40534,12917
40534,13048
40534,13257
40534,13627
40534,14047
