This is pdfTeXk, Version 3.141592-1.40.3 (Web2C 7.5.6) (format=pdflatex 2018.3.13)  4 MAY 2018 10:19
entering extended mode
 %&-line parsing enabled.
**main.tex
(./main.tex
LaTeX2e <2005/12/01>
Babel <v3.8h> and hyphenation patterns for english, usenglishmax, dumylang, noh
yphenation, arabic, basque, bulgarian, coptic, welsh, czech, slovak, german, ng
erman, danish, esperanto, spanish, catalan, galician, estonian, farsi, finnish,
 french, greek, monogreek, ancientgreek, croatian, hungarian, interlingua, ibyc
us, indonesian, icelandic, italian, latin, mongolian, dutch, norsk, polish, por
tuguese, pinyin, romanian, russian, slovenian, uppersorbian, serbian, swedish, 
turkish, ukenglish, ukrainian, loaded.
(./revtex4-1.cls
Document Class: revtex4-1 2010/07/25/20:33:00 4.1r (http://publish.aps.org/revt
ex4/ for documentation)
 Copyright (c) 2009 The American Physical Society.
 mailto:revtex@aps.org
 Licensed under the LPPL:
http://www.ctan.org/tex-archive/macros/latex/base/lppl.txt
 Arthur Ogawa <arthur_ogawa at sbcglobal dot net>
 Based on work by David Carlisle <david at dcarlisle.demon.co.uk>.
ltxutil[2010/07/25/20:33:00 4.1r utilities package (portions licensed from W. E
. Baxter web at superscript.com)]
LaTeX Info: Redefining \@centercr on input line 308.
Class revtex4-1 Info: Repairing broken LaTeX eqnarray on input line 358.
\eqncolsep=\skip41
Class revtex4-1 Info: Repairing hyperref-unfriendly LaTeX definition of \mpfoot
note on input line 433.
Class revtex4-1 Info: Repairing broken LateX \@sect on input line 755.
\intertabularlinepenalty=\count79
\@tbpen=\count80
\@arstrutbox@hline=\box26
Class revtex4-1 Info: Repairing broken LaTeX \@xbitor on input line 1786.
Class revtex4-1 Info: Making \typeout \long on input line 2046.
ltxfront[2010/07/25/20:33:00 4.1r frontmatter package (AO,DPC)]
\c@affil=\count81
\c@collab=\count82
\absbox=\box27
ltxgrid[2010/07/25/20:33:00 4.1r page grid package (portions licensed from W. E
. Baxter web at superscript.com)]
\c@linecount=\count83
\output@latex=\toks14
\box@size@1=\box28
\box@size@2=\box29
\@protection@box=\box30
\@topmark@saved=\toks15
\footins@saved=\box31
\footins@recovered=\box32
\column@recovered=\box33
\pagesofar=\box34
\footsofar=\box35
\pagegrid@col=\count84
Class revtex4-1 Info: Overriding \@vspace, \@vspacer, \@no@pgbk, \@newline, and
 \\  on input line 5578.
\c@part=\count85
\c@section=\count86
\c@subsection=\count87
\c@subsubsection=\count88
\c@paragraph=\count89
\c@subparagraph=\count90
\abovecaptionskip=\skip42
\belowcaptionskip=\skip43
\c@figure=\count91
\fbox@1=\box36
\c@table=\count92
\fbox@2=\box37
\c@video=\count93
\fbox@4=\box38
\@bibdataout=\write3
\widetext@top=\box39
\widetext@bot=\box40

Class revtex4-1 Warning: No Society specified, using default society aps.

(./aps4-1.rtx
File: aps4-1 2010/07/25/20:33:00 4.1r (http://publish.aps.org/revtex4/ for docu
mentation)
Class revtex4-1 Info: RevTeX society APS selected on input line 31.
)

Class revtex4-1 Warning: No journal specified, using default pra.

Class revtex4-1 Info: APS journal PRA selected on input line 7545.
(./aps12pt4-1.rtx
File: aps12pt4-1 2010/07/25/20:33:00 4.1r (http://publish.aps.org/revtex4/ for 
documentation)
Class revtex4-1 Info: RevTeX pointsize 12pt selected on input line 30.
) (/usr/share/texmf/tex/latex/textcase/textcase.sty
Package: textcase 2004/10/07 v0.07 Text only upper/lower case changing (DPC)
)
(/usr/share/texmf/tex/latex/html/url.sty

! LaTeX Error: Command \url already defined.
               Or name \end... illegal, see p.192 of the manual.

See the LaTeX manual or LaTeX Companion for explanation.
Type  H <return>  for immediate help.
 ...                                              
                                                  
l.102 \newcommand\url{\begingroup \Url}
                                       
? 
Package: url 1999/03/02  ver 1.4  Verb mode for urls, email addresses, and file
 names
) (/usr/share/texmf/tex/latex/natbib/natbib.sty
Package: natbib 2007/02/05 8.0 (PWD)
\bibhang=\skip44
\bibsep=\skip45
LaTeX Info: Redefining \cite on input line 602.
\c@NAT@ctr=\count94
)

LaTeX Warning: You have requested, on input line 7549, version
               `2009/11/07 8.31a (PWD, AO)' of package natbib,
               but only version
               `2007/02/05 8.0 (PWD)'
               is available.

(./revsymb4-1.sty
Package: revsymb4-1 2010/07/25/20:33:00 4.1r (http://publish.aps.org/revtex4/ f
or documentation)
LaTeX Info: Redefining \REV@mathfrak on input line 119.
)) (/usr/share/texmf/tex/latex/graphics/graphicx.sty
Package: graphicx 1999/02/16 v1.0f Enhanced LaTeX Graphics (DPC,SPQR)

(/usr/share/texmf/tex/latex/graphics/keyval.sty
Package: keyval 1999/03/16 v1.13 key=value parser (DPC)
\KV@toks@=\toks16
)
(/usr/share/texmf/tex/latex/graphics/graphics.sty
Package: graphics 2006/02/20 v1.0o Standard LaTeX Graphics (DPC,SPQR)

(/usr/share/texmf/tex/latex/graphics/trig.sty
Package: trig 1999/03/16 v1.09 sin cos tan (DPC)
)
(/usr/share/texmf/tex/latex/config/graphics.cfg
File: graphics.cfg 2007/01/18 v1.5 graphics configuration of teTeX/TeXLive
)
Package graphics Info: Driver file: pdftex.def on input line 90.

(/usr/share/texmf/tex/latex/pdftex-def/pdftex.def
File: pdftex.def 2007/01/08 v0.04d Graphics/color for pdfTeX
\Gread@gobject=\count95
))
\Gin@req@height=\dimen102
\Gin@req@width=\dimen103
)
(/usr/share/texmf/tex/latex/tools/dcolumn.sty
Package: dcolumn 2001/05/28 v1.06 decimal alignment package (DPC)

(/usr/share/texmf/tex/latex/tools/array.sty
Package: array 2005/08/23 v2.4b Tabular extension package (FMi)
\col@sep=\dimen104
\extrarowheight=\dimen105
\NC@list=\toks17
\extratabsurround=\skip46
\backup@length=\skip47
))
(/usr/share/texmf/tex/latex/tools/bm.sty
Package: bm 2004/02/26 v1.1c Bold Symbol Support (DPC/FMi)
\symboldoperators=\mathgroup4
\symboldletters=\mathgroup5
\symboldsymbols=\mathgroup6
LaTeX Font Info:    Redeclaring math alphabet \mathbf on input line 137.
LaTeX Info: Redefining \bm on input line 203.
)
(/usr/share/texmf/tex/latex/placeins/placeins.sty
Package: placeins 2005/04/18  v 2.2
)
(/usr/share/texmf/tex/latex/booktabs/booktabs.sty
Package: booktabs 2005/03/16 v1.6180 publication quality tables
\heavyrulewidth=\dimen106
\lightrulewidth=\dimen107
\cmidrulewidth=\dimen108
\belowrulesep=\dimen109
\belowbottomsep=\dimen110
\aboverulesep=\dimen111
\abovetopsep=\dimen112
\cmidrulesep=\dimen113
\cmidrulekern=\dimen114
\defaultaddspace=\dimen115
\@cmidla=\count96
\@cmidlb=\count97
\@aboverulesep=\dimen116
\@belowrulesep=\dimen117
\@thisruleclass=\count98
\@lastruleclass=\count99
\@thisrulewidth=\dimen118
)
(/usr/share/texmf/tex/latex/colortbl/colortbl.sty
Package: colortbl 2001/02/13 v0.1j Color table columns (DPC)

(/usr/share/texmf/tex/latex/graphics/color.sty
Package: color 2005/11/14 v1.0j Standard LaTeX Color (DPC)

(/cvmfs/cms.cern.ch/slc6_amd64_gcc630/external/rivet/2.5.4/share/Rivet/texmf/te
x/latex/config/color.cfg
File: color.cfg 2007/01/18 v1.5 color configuration of teTeX/TeXLive
)
Package color Info: Driver file: pdftex.def on input line 130.
)
\everycr=\toks18
\minrowclearance=\skip48
)
(/cvmfs/cms.cern.ch/slc6_amd64_gcc630/external/rivet/2.5.4/share/Rivet/texmf/te
x/latex/xcolor/xcolor.sty
Package: xcolor 2007/01/21 v2.11 LaTeX color extensions (UK)

(/cvmfs/cms.cern.ch/slc6_amd64_gcc630/external/rivet/2.5.4/share/Rivet/texmf/te
x/latex/config/color.cfg
File: color.cfg 2007/01/18 v1.5 color configuration of teTeX/TeXLive
)
Package xcolor Info: Driver file: pdftex.def on input line 225.
LaTeX Info: Redefining \color on input line 702.
Package xcolor Info: Model `cmy' substituted by `cmy0' on input line 1337.
Package xcolor Info: Model `hsb' substituted by `rgb' on input line 1341.
Package xcolor Info: Model `RGB' extended on input line 1353.
Package xcolor Info: Model `HTML' substituted by `rgb' on input line 1355.
Package xcolor Info: Model `Hsb' substituted by `hsb' on input line 1356.
Package xcolor Info: Model `tHsb' substituted by `hsb' on input line 1357.
Package xcolor Info: Model `HSB' substituted by `hsb' on input line 1358.
Package xcolor Info: Model `Gray' substituted by `gray' on input line 1359.
Package xcolor Info: Model `wave' substituted by `hsb' on input line 1360.
) (/usr/share/texmf/tex/latex/subfig/subfig.sty
Package: subfig 2005/06/28 ver: 1.3 subfig package

(/usr/share/texmf/tex/latex/caption/caption.sty
Package: caption 2007/01/07 v3.0k Customising captions (AR)

(/usr/share/texmf/tex/latex/caption/caption3.sty
Package: caption3 2007/01/07 v3.0k caption3 kernel (AR)
\captionmargin=\dimen119
\captionmarginx=\dimen120
\captionwidth=\dimen121
\captionindent=\dimen122
\captionparindent=\dimen123
\captionhangindent=\dimen124
))
\c@KVtest=\count100
\sf@farskip=\skip49
\sf@captopadj=\dimen125
\sf@capskip=\skip50
\sf@nearskip=\skip51
\c@subfigure=\count101
\c@subfigure@save=\count102
\c@lofdepth=\count103
\c@subtable=\count104
\c@subtable@save=\count105
\c@lotdepth=\count106
\sf@top=\skip52
\sf@bottom=\skip53
)
(/usr/share/texmf/tex/latex/float/float.sty
Package: float 2001/11/08 v1.3d Float enhancements (AL)
\c@float@type=\count107
\float@exts=\toks19
\float@box=\box41
\@float@everytoks=\toks20
\@floatcapt=\box42
)
(/usr/share/texmf/tex/latex/tools/verbatim.sty
Package: verbatim 2003/08/22 v1.5q LaTeX2e package for verbatim enhancements
\every@verbatim=\toks21
\verbatim@line=\toks22
\verbatim@in@stream=\read1
)
Class revtex4-1 Info: colortbl package is loaded. (Proceeding with fingers cros
sed.) on input line 67.


Class revtex4-1 Warning: Repair the float package.

Class revtex4-1 Info: Robustifying \LaTeX's \boldmath command on input line 67.

Class revtex4-1 Info: cite was not loaded (OK!) on input line 67.
Class revtex4-1 Info: mcite was not loaded (OK!) on input line 67.
Class revtex4-1 Info: multicol was not loaded (OK!) on input line 67.
(./main.aux

LaTeX Warning: Label `sfig:a' multiply defined.


LaTeX Warning: Label `sub@sfig:a' multiply defined.


LaTeX Warning: Label `sfig:b' multiply defined.


LaTeX Warning: Label `sub@sfig:b' multiply defined.


LaTeX Warning: Label `sfig:c' multiply defined.


LaTeX Warning: Label `sub@sfig:c' multiply defined.


LaTeX Warning: Label `sfig:a' multiply defined.


LaTeX Warning: Label `sub@sfig:a' multiply defined.


LaTeX Warning: Label `sfig:b' multiply defined.


LaTeX Warning: Label `sub@sfig:b' multiply defined.


LaTeX Warning: Label `sfig:c' multiply defined.


LaTeX Warning: Label `sub@sfig:c' multiply defined.

)
\openout1 = `main.aux'.

LaTeX Font Info:    Checking defaults for OML/cmm/m/it on input line 67.
LaTeX Font Info:    ... okay on input line 67.
LaTeX Font Info:    Checking defaults for T1/cmr/m/n on input line 67.
LaTeX Font Info:    ... okay on input line 67.
LaTeX Font Info:    Checking defaults for OT1/cmr/m/n on input line 67.
LaTeX Font Info:    ... okay on input line 67.
LaTeX Font Info:    Checking defaults for OMS/cmsy/m/n on input line 67.
LaTeX Font Info:    ... okay on input line 67.
LaTeX Font Info:    Checking defaults for OMX/cmex/m/n on input line 67.
LaTeX Font Info:    ... okay on input line 67.
LaTeX Font Info:    Checking defaults for U/cmr/m/n on input line 67.
LaTeX Font Info:    ... okay on input line 67.
 (/usr/share/texmf/tex/latex/ragged2e/ragged2e.sty
Package: ragged2e 2003/03/25 v2.04 ragged2e Package (MS)

(/usr/share/texmf/tex/latex/everysel/everysel.sty
Package: everysel 1999/06/08 v1.03 EverySelectfont Package (MS)
LaTeX Info: Redefining \selectfont on input line 125.
)
\CenteringLeftskip=\skip54
\RaggedLeftLeftskip=\skip55
\RaggedRightLeftskip=\skip56
\CenteringRightskip=\skip57
\RaggedLeftRightskip=\skip58
\RaggedRightRightskip=\skip59
\CenteringParfillskip=\skip60
\RaggedLeftParfillskip=\skip61
\RaggedRightParfillskip=\skip62
\JustifyingParfillskip=\skip63
\CenteringParindent=\skip64
\RaggedLeftParindent=\skip65
\RaggedRightParindent=\skip66
\JustifyingParindent=\skip67
)
Package caption Info: float package v1.3 (or newer) detected on input line 67.
Package caption Info: longtable package v3.15 (or newer) detected on input line
 67.
Package caption Info: subref 1.2 or 1.3 detected on input line 67.
LaTeX Info: Redefining \subref on input line 67.
\openout3 = `mainNotes.bib'.


<aleph-logo.jpg, id=1, 241.90375pt x 100.375pt>
File: aleph-logo.jpg Graphic file (type jpg)
 <use aleph-logo.jpg>
LaTeX Font Info:    External font `cmex10' loaded for size
(Font)              <10.95> on input line 106.
LaTeX Font Info:    External font `cmex10' loaded for size
(Font)              <8> on input line 106.
LaTeX Font Info:    External font `cmex10' loaded for size
(Font)              <6> on input line 106.
LaTeX Font Info:    External font `cmex10' loaded for size
(Font)              <14.4> on input line 114.
LaTeX Font Info:    External font `cmex10' loaded for size
(Font)              <7> on input line 114.


Class revtex4-1 Warning: If you want your PACS to appear in your output, use do
cument class option showpacs.

[1{/usr/share/texmf/fonts/map/pdftex/updmap/pdftex.map} <./aleph-logo.jpg>]
(./main.toc)
\tf@toc=\write4
\openout4 = `main.toc'.

 (./introduction.tex
LaTeX Font Info:    External font `cmex10' loaded for size
(Font)              <12> on input line 3.
 [2]) [3] (./detector.tex

LaTeX Warning: Reference `' on page 4 undefined on input line 3.

) (./data.tex) (./dataQuality.tex
<images/datamc/canvasPhiPreES.pdf, id=22, 569.12625pt x 542.025pt>
File: images/datamc/canvasPhiPreES.pdf Graphic file (type pdf)

<use images/datamc/canvasPhiPreES.pdf>
<images/datamc/canvasetaPreES.pdf, id=23, 569.12625pt x 542.025pt>
File: images/datamc/canvasetaPreES.pdf Graphic file (type pdf)

<use images/datamc/canvasetaPreES.pdf>
<images/datamc/canvasptPreES.pdf, id=24, 569.12625pt x 542.025pt>
File: images/datamc/canvasptPreES.pdf Graphic file (type pdf)

<use images/datamc/canvasptPreES.pdf> [4]
<images/trkefficiency/ptclean.pdf, id=28, 569.12625pt x 551.05875pt>
File: images/trkefficiency/ptclean.pdf Graphic file (type pdf)

<use images/trkefficiency/ptclean.pdf>
<images/trkefficiency/thetaclean.pdf, id=29, 569.12625pt x 551.05875pt>
File: images/trkefficiency/thetaclean.pdf Graphic file (type pdf)

<use images/trkefficiency/thetaclean.pdf>
<images/trkefficiency/phiclean.pdf, id=30, 569.12625pt x 551.05875pt>
File: images/trkefficiency/phiclean.pdf Graphic file (type pdf)

<use images/trkefficiency/phiclean.pdf>
<images/trkefficiency/ptratio.pdf, id=31, 569.12625pt x 551.05875pt>
File: images/trkefficiency/ptratio.pdf Graphic file (type pdf)

<use images/trkefficiency/ptratio.pdf>
<images/trkefficiency/thetaratio.pdf, id=32, 569.12625pt x 551.05875pt>
File: images/trkefficiency/thetaratio.pdf Graphic file (type pdf)

<use images/trkefficiency/thetaratio.pdf>
<images/trkefficiency/phiratio.pdf, id=33, 569.12625pt x 551.05875pt>
File: images/trkefficiency/phiratio.pdf Graphic file (type pdf)

<use images/trkefficiency/phiratio.pdf>) [5 <./images/datamc/canvasPhiPreES.pdf
, page is rotated 90 degrees> <./images/datamc/canvasetaPreES.pdf, page is rota
ted 90 degrees> <./images/datamc/canvasptPreES.pdf, page is rotated 90 degrees>
 <./images/trkefficiency/ptclean.pdf, page is rotated 90 degrees> <./images/trk
efficiency/thetaclean.pdf, page is rotated 90 degrees> <./images/trkefficiency/
phiclean.pdf, page is rotated 90 degrees>] (./analysis.tex (./thrust.tex
[6 <./images/trkefficiency/ptratio.pdf, page is rotated 90 degrees> <./images/t
rkefficiency/thetaratio.pdf, page is rotated 90 degrees> <./images/trkefficienc
y/phiratio.pdf, page is rotated 90 degrees>]) (./EventSelection.tex) (./QCD.tex
<images/Thrust/ThrustResult.pdf, id=438, 569.12625pt x 546.04pt>
File: images/Thrust/ThrustResult.pdf Graphic file (type pdf)

<use images/Thrust/ThrustResult.pdf>
<images/Thrust/ThrustResultLogY.pdf, id=439, 569.12625pt x 546.04pt>
File: images/Thrust/ThrustResultLogY.pdf Graphic file (type pdf)

<use images/Thrust/ThrustResultLogY.pdf>) [7]) (./main.bbl [8 <./images/Thrust/
ThrustResult.pdf> <./images/Thrust/ThrustResultLogY.pdf>] [9]) [10] (./main.aux
)

LaTeX Warning: There were undefined references.


LaTeX Warning: There were multiply-defined labels.

 ) 
Here is how much of TeX's memory you used:
 4073 strings out of 256214
 55608 string characters out of 1917000
 128901 words of memory out of 1500000
 7276 multiletter control sequences out of 10000+200000
 15517 words of font info for 53 fonts, out of 1200000 for 2000
 645 hyphenation exceptions out of 8191
 43i,7n,42p,1231b,312s stack positions out of 5000i,500n,6000p,200000b,15000s
</usr/share/texmf/fonts/type1/bluesky/cm/cmbx10.pfb></usr/share/texmf/fonts/t
ype1/bluesky/cm/cmbx12.pfb></usr/share/texmf/fonts/type1/bluesky/cm/cmex10.pfb>
</usr/share/texmf/fonts/type1/bluesky/cm/cmmi10.pfb></usr/share/texmf/fonts/typ
e1/bluesky/cm/cmmi12.pfb></usr/share/texmf/fonts/type1/bluesky/cm/cmmi8.pfb></u
sr/share/texmf/fonts/type1/bluesky/cm/cmr10.pfb></usr/share/texmf/fonts/type1/b
luesky/cm/cmr12.pfb></usr/share/texmf/fonts/type1/bluesky/cm/cmr8.pfb></usr/sha
re/texmf/fonts/type1/bluesky/cm/cmsy10.pfb></usr/share/texmf/fonts/type1/bluesk
y/cm/cmsy8.pfb></usr/share/texmf/fonts/type1/bluesky/cm/cmti10.pfb></usr/share/
texmf/fonts/type1/bluesky/cm/cmti12.pfb></usr/share/texmf/fonts/type1/bluesky/c
m/cmtt10.pfb>
Output written on main.pdf (10 pages, 457928 bytes).
PDF statistics:
 519 PDF objects out of 1000 (max. 8388607)
 0 named destinations out of 1000 (max. 131072)
 61 words of extra memory for PDF output out of 10000 (max. 10000000)

